<Event xmlns="http://schemas.microsoft.com/win/2004/08/events/event"><System><Provider Name="Microsoft-Windows-Servicing" Guid="{bd12f3b8-fc40-4a61-a307-b7a013a069c1}"></Provider>
<EventID Qualifiers="">1</EventID>
<Version>0</Version>
<Level>0</Level>
<Task>1</Task>
<Opcode>0</Opcode>
<Keywords>0x8000000000000000</Keywords>
<TimeCreated SystemTime="2023-09-13 00:18:33.877193"></TimeCreated>
<EventRecordID>360</EventRecordID>
<Correlation ActivityID="" RelatedActivityID=""></Correlation>
<Execution ProcessID="5132" ThreadID="7256"></Execution>
<Channel>Setup</Channel>
<Computer>DESKTOP-KUHNMLA</Computer>
<Security UserID="S-1-5-18"></Security>
</System>
<UserData><CbsPackageInitiateChanges xmlns="http://manifests.microsoft.com/win/2004/08/windows/setup_provider"><PackageIdentifier>KB5027122</PackageIdentifier>
<InitialPackageState>5080</InitialPackageState>
<InitialPackageStateTextized>Superseded</InitialPackageStateTextized>
<IntendedPackageState>5000</IntendedPackageState>
<IntendedPackageStateTextized>Absent</IntendedPackageStateTextized>
<Client>CbsTask</Client>
</CbsPackageInitiateChanges>
</UserData>
</Event>

<Event xmlns="http://schemas.microsoft.com/win/2004/08/events/event"><System><Provider Name="Microsoft-Windows-Servicing" Guid="{bd12f3b8-fc40-4a61-a307-b7a013a069c1}"></Provider>
<EventID Qualifiers="">1</EventID>
<Version>0</Version>
<Level>0</Level>
<Task>1</Task>
<Opcode>0</Opcode>
<Keywords>0x8000000000000000</Keywords>
<TimeCreated SystemTime="2023-09-13 00:19:03.097229"></TimeCreated>
<EventRecordID>361</EventRecordID>
<Correlation ActivityID="" RelatedActivityID=""></Correlation>
<Execution ProcessID="5132" ThreadID="7256"></Execution>
<Channel>Setup</Channel>
<Computer>DESKTOP-KUHNMLA</Computer>
<Security UserID="S-1-5-18"></Security>
</System>
<UserData><CbsPackageInitiateChanges xmlns="http://manifests.microsoft.com/win/2004/08/windows/setup_provider"><PackageIdentifier>KB5028853</PackageIdentifier>
<InitialPackageState>5080</InitialPackageState>
<InitialPackageStateTextized>Superseded</InitialPackageStateTextized>
<IntendedPackageState>5000</IntendedPackageState>
<IntendedPackageStateTextized>Absent</IntendedPackageStateTextized>
<Client>CbsTask</Client>
</CbsPackageInitiateChanges>
</UserData>
</Event>

<Event xmlns="http://schemas.microsoft.com/win/2004/08/events/event"><System><Provider Name="Microsoft-Windows-Servicing" Guid="{bd12f3b8-fc40-4a61-a307-b7a013a069c1}"></Provider>
<EventID Qualifiers="">1</EventID>
<Version>0</Version>
<Level>0</Level>
<Task>1</Task>
<Opcode>0</Opcode>
<Keywords>0x8000000000000000</Keywords>
<TimeCreated SystemTime="2023-09-13 20:58:09.502115"></TimeCreated>
<EventRecordID>362</EventRecordID>
<Correlation ActivityID="" RelatedActivityID=""></Correlation>
<Execution ProcessID="3424" ThreadID="844"></Execution>
<Channel>Setup</Channel>
<Computer>DESKTOP-KUHNMLA</Computer>
<Security UserID="S-1-5-18"></Security>
</System>
<UserData><CbsPackageInitiateChanges xmlns="http://manifests.microsoft.com/win/2004/08/windows/setup_provider"><PackageIdentifier>KB5029919</PackageIdentifier>
<InitialPackageState>5000</InitialPackageState>
<InitialPackageStateTextized>Absent</InitialPackageStateTextized>
<IntendedPackageState>5112</IntendedPackageState>
<IntendedPackageStateTextized>Installed</IntendedPackageStateTextized>
<Client>WindowsUpdateAgent</Client>
</CbsPackageInitiateChanges>
</UserData>
</Event>

<Event xmlns="http://schemas.microsoft.com/win/2004/08/events/event"><System><Provider Name="Microsoft-Windows-Servicing" Guid="{bd12f3b8-fc40-4a61-a307-b7a013a069c1}"></Provider>
<EventID Qualifiers="">2</EventID>
<Version>0</Version>
<Level>0</Level>
<Task>1</Task>
<Opcode>0</Opcode>
<Keywords>0x8000000000000000</Keywords>
<TimeCreated SystemTime="2023-09-13 21:02:28.898600"></TimeCreated>
<EventRecordID>363</EventRecordID>
<Correlation ActivityID="" RelatedActivityID=""></Correlation>
<Execution ProcessID="3424" ThreadID="844"></Execution>
<Channel>Setup</Channel>
<Computer>DESKTOP-KUHNMLA</Computer>
<Security UserID="S-1-5-18"></Security>
</System>
<UserData><CbsPackageChangeState xmlns="http://manifests.microsoft.com/win/2004/08/windows/setup_provider"><PackageIdentifier>KB5029919</PackageIdentifier>
<IntendedPackageState>5112</IntendedPackageState>
<IntendedPackageStateTextized>Installed</IntendedPackageStateTextized>
<ErrorCode>0x0</ErrorCode>
<Client>WindowsUpdateAgent</Client>
</CbsPackageChangeState>
</UserData>
</Event>

<Event xmlns="http://schemas.microsoft.com/win/2004/08/events/event"><System><Provider Name="Microsoft-Windows-Servicing" Guid="{bd12f3b8-fc40-4a61-a307-b7a013a069c1}"></Provider>
<EventID Qualifiers="">1</EventID>
<Version>0</Version>
<Level>0</Level>
<Task>1</Task>
<Opcode>0</Opcode>
<Keywords>0x8000000000000000</Keywords>
<TimeCreated SystemTime="2023-09-13 21:14:09.571301"></TimeCreated>
<EventRecordID>364</EventRecordID>
<Correlation ActivityID="" RelatedActivityID=""></Correlation>
<Execution ProcessID="3424" ThreadID="3632"></Execution>
<Channel>Setup</Channel>
<Computer>DESKTOP-KUHNMLA</Computer>
<Security UserID="S-1-5-18"></Security>
</System>
<UserData><CbsPackageInitiateChanges xmlns="http://manifests.microsoft.com/win/2004/08/windows/setup_provider"><PackageIdentifier>KB5030211</PackageIdentifier>
<InitialPackageState>5000</InitialPackageState>
<InitialPackageStateTextized>Absent</InitialPackageStateTextized>
<IntendedPackageState>5112</IntendedPackageState>
<IntendedPackageStateTextized>Installed</IntendedPackageStateTextized>
<Client>UpdateAgentLCU</Client>
</CbsPackageInitiateChanges>
</UserData>
</Event>

<Event xmlns="http://schemas.microsoft.com/win/2004/08/events/event"><System><Provider Name="Microsoft-Windows-Servicing" Guid="{bd12f3b8-fc40-4a61-a307-b7a013a069c1}"></Provider>
<EventID Qualifiers="">4</EventID>
<Version>0</Version>
<Level>0</Level>
<Task>1</Task>
<Opcode>0</Opcode>
<Keywords>0x8000000000000000</Keywords>
<TimeCreated SystemTime="2023-09-13 21:44:20.721500"></TimeCreated>
<EventRecordID>365</EventRecordID>
<Correlation ActivityID="" RelatedActivityID=""></Correlation>
<Execution ProcessID="3424" ThreadID="3632"></Execution>
<Channel>Setup</Channel>
<Computer>DESKTOP-KUHNMLA</Computer>
<Security UserID="S-1-5-18"></Security>
</System>
<UserData><CbsPackageChangeState xmlns="http://manifests.microsoft.com/win/2004/08/windows/setup_provider"><PackageIdentifier>KB5030211</PackageIdentifier>
<IntendedPackageState>5112</IntendedPackageState>
<IntendedPackageStateTextized>Installed</IntendedPackageStateTextized>
<ErrorCode>0x0</ErrorCode>
<Client>UpdateAgentLCU</Client>
</CbsPackageChangeState>
</UserData>
</Event>

<Event xmlns="http://schemas.microsoft.com/win/2004/08/events/event"><System><Provider Name="Microsoft-Windows-Servicing" Guid="{bd12f3b8-fc40-4a61-a307-b7a013a069c1}"></Provider>
<EventID Qualifiers="">2</EventID>
<Version>0</Version>
<Level>0</Level>
<Task>1</Task>
<Opcode>0</Opcode>
<Keywords>0x8000000000000000</Keywords>
<TimeCreated SystemTime="2023-09-14 04:18:26.692530"></TimeCreated>
<EventRecordID>366</EventRecordID>
<Correlation ActivityID="" RelatedActivityID=""></Correlation>
<Execution ProcessID="2064" ThreadID="2092"></Execution>
<Channel>Setup</Channel>
<Computer>DESKTOP-KUHNMLA</Computer>
<Security UserID="S-1-5-18"></Security>
</System>
<UserData><CbsPackageChangeState xmlns="http://manifests.microsoft.com/win/2004/08/windows/setup_provider"><PackageIdentifier>KB5030211</PackageIdentifier>
<IntendedPackageState>5112</IntendedPackageState>
<IntendedPackageStateTextized>Installed</IntendedPackageStateTextized>
<ErrorCode>0x0</ErrorCode>
<Client>UpdateAgentLCU</Client>
</CbsPackageChangeState>
</UserData>
</Event>

</Events>
