<Event xmlns="http://schemas.microsoft.com/win/2004/08/events/event"><System><Provider Name="Microsoft-Windows-Servicing" Guid="{bd12f3b8-fc40-4a61-a307-b7a013a069c1}"></Provider>
<EventID Qualifiers="">4</EventID>
<Version>0</Version>
<Level>0</Level>
<Task>1</Task>
<Opcode>0</Opcode>
<Keywords>0x8000000000000000</Keywords>
<TimeCreated SystemTime="2021-05-31 01:31:09.054325"></TimeCreated>
<EventRecordID>90</EventRecordID>
<Correlation ActivityID="" RelatedActivityID=""></Correlation>
<Execution ProcessID="5716" ThreadID="10784"></Execution>
<Channel>Setup</Channel>
<Computer>DESKTOP-KUHNMLA</Computer>
<Security UserID="S-1-5-18"></Security>
</System>
<UserData><CbsPackageChangeState xmlns="http://manifests.microsoft.com/win/2004/08/windows/setup_provider"><PackageIdentifier>KB5000736</PackageIdentifier>
<IntendedPackageState>5112</IntendedPackageState>
<IntendedPackageStateTextized>Installed</IntendedPackageStateTextized>
<ErrorCode>0x0</ErrorCode>
<Client>UpdateAgentLCU</Client>
</CbsPackageChangeState>
</UserData>
</Event>

<Event xmlns="http://schemas.microsoft.com/win/2004/08/events/event"><System><Provider Name="Microsoft-Windows-Servicing" Guid="{bd12f3b8-fc40-4a61-a307-b7a013a069c1}"></Provider>
<EventID Qualifiers="">2</EventID>
<Version>0</Version>
<Level>0</Level>
<Task>1</Task>
<Opcode>0</Opcode>
<Keywords>0x8000000000000000</Keywords>
<TimeCreated SystemTime="2021-05-31 01:32:15.818430"></TimeCreated>
<EventRecordID>91</EventRecordID>
<Correlation ActivityID="" RelatedActivityID=""></Correlation>
<Execution ProcessID="2104" ThreadID="2136"></Execution>
<Channel>Setup</Channel>
<Computer>DESKTOP-KUHNMLA</Computer>
<Security UserID="S-1-5-18"></Security>
</System>
<UserData><CbsPackageChangeState xmlns="http://manifests.microsoft.com/win/2004/08/windows/setup_provider"><PackageIdentifier>KB5000736</PackageIdentifier>
<IntendedPackageState>5112</IntendedPackageState>
<IntendedPackageStateTextized>Installed</IntendedPackageStateTextized>
<ErrorCode>0x0</ErrorCode>
<Client>UpdateAgentLCU</Client>
</CbsPackageChangeState>
</UserData>
</Event>

<Event xmlns="http://schemas.microsoft.com/win/2004/08/events/event"><System><Provider Name="Microsoft-Windows-Servicing" Guid="{bd12f3b8-fc40-4a61-a307-b7a013a069c1}"></Provider>
<EventID Qualifiers="">1</EventID>
<Version>0</Version>
<Level>0</Level>
<Task>1</Task>
<Opcode>0</Opcode>
<Keywords>0x8000000000000000</Keywords>
<TimeCreated SystemTime="2021-05-31 01:47:14.390909"></TimeCreated>
<EventRecordID>92</EventRecordID>
<Correlation ActivityID="" RelatedActivityID=""></Correlation>
<Execution ProcessID="8508" ThreadID="8848"></Execution>
<Channel>Setup</Channel>
<Computer>DESKTOP-KUHNMLA</Computer>
<Security UserID="S-1-5-18"></Security>
</System>
<UserData><CbsPackageInitiateChanges xmlns="http://manifests.microsoft.com/win/2004/08/windows/setup_provider"><PackageIdentifier>KB5001391</PackageIdentifier>
<InitialPackageState>5080</InitialPackageState>
<InitialPackageStateTextized>Superseded</InitialPackageStateTextized>
<IntendedPackageState>5000</IntendedPackageState>
<IntendedPackageStateTextized>Absent</IntendedPackageStateTextized>
<Client>DISM Package Manager Provider</Client>
</CbsPackageInitiateChanges>
</UserData>
</Event>

<Event xmlns="http://schemas.microsoft.com/win/2004/08/events/event"><System><Provider Name="Microsoft-Windows-Servicing" Guid="{bd12f3b8-fc40-4a61-a307-b7a013a069c1}"></Provider>
<EventID Qualifiers="">1</EventID>
<Version>0</Version>
<Level>0</Level>
<Task>1</Task>
<Opcode>0</Opcode>
<Keywords>0x8000000000000000</Keywords>
<TimeCreated SystemTime="2021-05-31 01:47:14.390913"></TimeCreated>
<EventRecordID>93</EventRecordID>
<Correlation ActivityID="" RelatedActivityID=""></Correlation>
<Execution ProcessID="8508" ThreadID="8848"></Execution>
<Channel>Setup</Channel>
<Computer>DESKTOP-KUHNMLA</Computer>
<Security UserID="S-1-5-18"></Security>
</System>
<UserData><CbsPackageInitiateChanges xmlns="http://manifests.microsoft.com/win/2004/08/windows/setup_provider"><PackageIdentifier>KB4601554</PackageIdentifier>
<InitialPackageState>5080</InitialPackageState>
<InitialPackageStateTextized>Superseded</InitialPackageStateTextized>
<IntendedPackageState>5000</IntendedPackageState>
<IntendedPackageStateTextized>Absent</IntendedPackageStateTextized>
<Client>DISM Package Manager Provider</Client>
</CbsPackageInitiateChanges>
</UserData>
</Event>

<Event xmlns="http://schemas.microsoft.com/win/2004/08/events/event"><System><Provider Name="Microsoft-Windows-Servicing" Guid="{bd12f3b8-fc40-4a61-a307-b7a013a069c1}"></Provider>
<EventID Qualifiers="">1</EventID>
<Version>0</Version>
<Level>0</Level>
<Task>1</Task>
<Opcode>0</Opcode>
<Keywords>0x8000000000000000</Keywords>
<TimeCreated SystemTime="2021-06-07 01:50:11.052547"></TimeCreated>
<EventRecordID>94</EventRecordID>
<Correlation ActivityID="" RelatedActivityID=""></Correlation>
<Execution ProcessID="6092" ThreadID="7744"></Execution>
<Channel>Setup</Channel>
<Computer>DESKTOP-KUHNMLA</Computer>
<Security UserID="S-1-5-18"></Security>
</System>
<UserData><CbsPackageInitiateChanges xmlns="http://manifests.microsoft.com/win/2004/08/windows/setup_provider"><PackageIdentifier>KB5003503</PackageIdentifier>
<InitialPackageState>5000</InitialPackageState>
<InitialPackageStateTextized>Absent</InitialPackageStateTextized>
<IntendedPackageState>5112</IntendedPackageState>
<IntendedPackageStateTextized>Installed</IntendedPackageStateTextized>
<Client>UpdateAgentLCU</Client>
</CbsPackageInitiateChanges>
</UserData>
</Event>

<Event xmlns="http://schemas.microsoft.com/win/2004/08/events/event"><System><Provider Name="Microsoft-Windows-Servicing" Guid="{bd12f3b8-fc40-4a61-a307-b7a013a069c1}"></Provider>
<EventID Qualifiers="">2</EventID>
<Version>0</Version>
<Level>0</Level>
<Task>1</Task>
<Opcode>0</Opcode>
<Keywords>0x8000000000000000</Keywords>
<TimeCreated SystemTime="2021-06-07 01:53:18.812908"></TimeCreated>
<EventRecordID>95</EventRecordID>
<Correlation ActivityID="" RelatedActivityID=""></Correlation>
<Execution ProcessID="6092" ThreadID="7744"></Execution>
<Channel>Setup</Channel>
<Computer>DESKTOP-KUHNMLA</Computer>
<Security UserID="S-1-5-18"></Security>
</System>
<UserData><CbsPackageChangeState xmlns="http://manifests.microsoft.com/win/2004/08/windows/setup_provider"><PackageIdentifier>KB5003503</PackageIdentifier>
<IntendedPackageState>5112</IntendedPackageState>
<IntendedPackageStateTextized>Installed</IntendedPackageStateTextized>
<ErrorCode>0x0</ErrorCode>
<Client>UpdateAgentLCU</Client>
</CbsPackageChangeState>
</UserData>
</Event>

<Event xmlns="http://schemas.microsoft.com/win/2004/08/events/event"><System><Provider Name="Microsoft-Windows-Servicing" Guid="{bd12f3b8-fc40-4a61-a307-b7a013a069c1}"></Provider>
<EventID Qualifiers="">1</EventID>
<Version>0</Version>
<Level>0</Level>
<Task>1</Task>
<Opcode>0</Opcode>
<Keywords>0x8000000000000000</Keywords>
<TimeCreated SystemTime="2021-06-07 02:03:29.068653"></TimeCreated>
<EventRecordID>96</EventRecordID>
<Correlation ActivityID="" RelatedActivityID=""></Correlation>
<Execution ProcessID="10348" ThreadID="10528"></Execution>
<Channel>Setup</Channel>
<Computer>DESKTOP-KUHNMLA</Computer>
<Security UserID="S-1-5-18"></Security>
</System>
<UserData><CbsPackageInitiateChanges xmlns="http://manifests.microsoft.com/win/2004/08/windows/setup_provider"><PackageIdentifier>KB5003214</PackageIdentifier>
<InitialPackageState>5000</InitialPackageState>
<InitialPackageStateTextized>Absent</InitialPackageStateTextized>
<IntendedPackageState>5112</IntendedPackageState>
<IntendedPackageStateTextized>Installed</IntendedPackageStateTextized>
<Client>UpdateAgentLCU</Client>
</CbsPackageInitiateChanges>
</UserData>
</Event>

<Event xmlns="http://schemas.microsoft.com/win/2004/08/events/event"><System><Provider Name="Microsoft-Windows-Servicing" Guid="{bd12f3b8-fc40-4a61-a307-b7a013a069c1}"></Provider>
<EventID Qualifiers="">4</EventID>
<Version>0</Version>
<Level>0</Level>
<Task>1</Task>
<Opcode>0</Opcode>
<Keywords>0x8000000000000000</Keywords>
<TimeCreated SystemTime="2021-06-07 02:27:03.747099"></TimeCreated>
<EventRecordID>97</EventRecordID>
<Correlation ActivityID="" RelatedActivityID=""></Correlation>
<Execution ProcessID="10348" ThreadID="10528"></Execution>
<Channel>Setup</Channel>
<Computer>DESKTOP-KUHNMLA</Computer>
<Security UserID="S-1-5-18"></Security>
</System>
<UserData><CbsPackageChangeState xmlns="http://manifests.microsoft.com/win/2004/08/windows/setup_provider"><PackageIdentifier>KB5003214</PackageIdentifier>
<IntendedPackageState>5112</IntendedPackageState>
<IntendedPackageStateTextized>Installed</IntendedPackageStateTextized>
<ErrorCode>0x0</ErrorCode>
<Client>UpdateAgentLCU</Client>
</CbsPackageChangeState>
</UserData>
</Event>

<Event xmlns="http://schemas.microsoft.com/win/2004/08/events/event"><System><Provider Name="Microsoft-Windows-Servicing" Guid="{bd12f3b8-fc40-4a61-a307-b7a013a069c1}"></Provider>
<EventID Qualifiers="">2</EventID>
<Version>0</Version>
<Level>0</Level>
<Task>1</Task>
<Opcode>0</Opcode>
<Keywords>0x8000000000000000</Keywords>
<TimeCreated SystemTime="2021-06-07 03:30:08.346516"></TimeCreated>
<EventRecordID>98</EventRecordID>
<Correlation ActivityID="{980e2e61-5b4c-0000-a139-0e984c5bd701}" RelatedActivityID=""></Correlation>
<Execution ProcessID="1888" ThreadID="1972"></Execution>
<Channel>Setup</Channel>
<Computer>DESKTOP-KUHNMLA</Computer>
<Security UserID="S-1-5-18"></Security>
</System>
<UserData><CbsPackageChangeState xmlns="http://manifests.microsoft.com/win/2004/08/windows/setup_provider"><PackageIdentifier>KB5003214</PackageIdentifier>
<IntendedPackageState>5112</IntendedPackageState>
<IntendedPackageStateTextized>Installed</IntendedPackageStateTextized>
<ErrorCode>0x0</ErrorCode>
<Client>UpdateAgentLCU</Client>
</CbsPackageChangeState>
</UserData>
</Event>

<Event xmlns="http://schemas.microsoft.com/win/2004/08/events/event"><System><Provider Name="Microsoft-Windows-Servicing" Guid="{bd12f3b8-fc40-4a61-a307-b7a013a069c1}"></Provider>
<EventID Qualifiers="">1</EventID>
<Version>0</Version>
<Level>0</Level>
<Task>1</Task>
<Opcode>0</Opcode>
<Keywords>0x8000000000000000</Keywords>
<TimeCreated SystemTime="2021-06-16 14:45:47.716625"></TimeCreated>
<EventRecordID>99</EventRecordID>
<Correlation ActivityID="" RelatedActivityID=""></Correlation>
<Execution ProcessID="10732" ThreadID="10140"></Execution>
<Channel>Setup</Channel>
<Computer>DESKTOP-KUHNMLA</Computer>
<Security UserID="S-1-5-18"></Security>
</System>
<UserData><CbsPackageInitiateChanges xmlns="http://manifests.microsoft.com/win/2004/08/windows/setup_provider"><PackageIdentifier>KB5004476</PackageIdentifier>
<InitialPackageState>5000</InitialPackageState>
<InitialPackageStateTextized>Absent</InitialPackageStateTextized>
<IntendedPackageState>5112</IntendedPackageState>
<IntendedPackageStateTextized>Installed</IntendedPackageStateTextized>
<Client>UpdateAgentLCU</Client>
</CbsPackageInitiateChanges>
</UserData>
</Event>

<Event xmlns="http://schemas.microsoft.com/win/2004/08/events/event"><System><Provider Name="Microsoft-Windows-Servicing" Guid="{bd12f3b8-fc40-4a61-a307-b7a013a069c1}"></Provider>
<EventID Qualifiers="">4</EventID>
<Version>0</Version>
<Level>0</Level>
<Task>1</Task>
<Opcode>0</Opcode>
<Keywords>0x8000000000000000</Keywords>
<TimeCreated SystemTime="2021-06-16 15:10:40.305925"></TimeCreated>
<EventRecordID>100</EventRecordID>
<Correlation ActivityID="" RelatedActivityID=""></Correlation>
<Execution ProcessID="10732" ThreadID="10140"></Execution>
<Channel>Setup</Channel>
<Computer>DESKTOP-KUHNMLA</Computer>
<Security UserID="S-1-5-18"></Security>
</System>
<UserData><CbsPackageChangeState xmlns="http://manifests.microsoft.com/win/2004/08/windows/setup_provider"><PackageIdentifier>KB5004476</PackageIdentifier>
<IntendedPackageState>5112</IntendedPackageState>
<IntendedPackageStateTextized>Installed</IntendedPackageStateTextized>
<ErrorCode>0x0</ErrorCode>
<Client>UpdateAgentLCU</Client>
</CbsPackageChangeState>
</UserData>
</Event>

<Event xmlns="http://schemas.microsoft.com/win/2004/08/events/event"><System><Provider Name="Microsoft-Windows-Servicing" Guid="{bd12f3b8-fc40-4a61-a307-b7a013a069c1}"></Provider>
<EventID Qualifiers="">2</EventID>
<Version>0</Version>
<Level>0</Level>
<Task>1</Task>
<Opcode>0</Opcode>
<Keywords>0x8000000000000000</Keywords>
<TimeCreated SystemTime="2021-06-16 16:16:03.012791"></TimeCreated>
<EventRecordID>101</EventRecordID>
<Correlation ActivityID="" RelatedActivityID=""></Correlation>
<Execution ProcessID="2604" ThreadID="2632"></Execution>
<Channel>Setup</Channel>
<Computer>DESKTOP-KUHNMLA</Computer>
<Security UserID="S-1-5-18"></Security>
</System>
<UserData><CbsPackageChangeState xmlns="http://manifests.microsoft.com/win/2004/08/windows/setup_provider"><PackageIdentifier>KB5004476</PackageIdentifier>
<IntendedPackageState>5112</IntendedPackageState>
<IntendedPackageStateTextized>Installed</IntendedPackageStateTextized>
<ErrorCode>0x0</ErrorCode>
<Client>UpdateAgentLCU</Client>
</CbsPackageChangeState>
</UserData>
</Event>

<Event xmlns="http://schemas.microsoft.com/win/2004/08/events/event"><System><Provider Name="Microsoft-Windows-Servicing" Guid="{bd12f3b8-fc40-4a61-a307-b7a013a069c1}"></Provider>
<EventID Qualifiers="">1</EventID>
<Version>0</Version>
<Level>0</Level>
<Task>1</Task>
<Opcode>0</Opcode>
<Keywords>0x8000000000000000</Keywords>
<TimeCreated SystemTime="2021-07-08 02:52:12.770687"></TimeCreated>
<EventRecordID>102</EventRecordID>
<Correlation ActivityID="" RelatedActivityID=""></Correlation>
<Execution ProcessID="7360" ThreadID="10464"></Execution>
<Channel>Setup</Channel>
<Computer>DESKTOP-KUHNMLA</Computer>
<Security UserID="S-1-5-18"></Security>
</System>
<UserData><CbsPackageInitiateChanges xmlns="http://manifests.microsoft.com/win/2004/08/windows/setup_provider"><PackageIdentifier>KB5003173</PackageIdentifier>
<InitialPackageState>5080</InitialPackageState>
<InitialPackageStateTextized>Superseded</InitialPackageStateTextized>
<IntendedPackageState>5000</IntendedPackageState>
<IntendedPackageStateTextized>Absent</IntendedPackageStateTextized>
<Client>Arbiter</Client>
</CbsPackageInitiateChanges>
</UserData>
</Event>

<Event xmlns="http://schemas.microsoft.com/win/2004/08/events/event"><System><Provider Name="Microsoft-Windows-Servicing" Guid="{bd12f3b8-fc40-4a61-a307-b7a013a069c1}"></Provider>
<EventID Qualifiers="">1</EventID>
<Version>0</Version>
<Level>0</Level>
<Task>1</Task>
<Opcode>0</Opcode>
<Keywords>0x8000000000000000</Keywords>
<TimeCreated SystemTime="2021-07-08 03:01:52.311220"></TimeCreated>
<EventRecordID>103</EventRecordID>
<Correlation ActivityID="" RelatedActivityID=""></Correlation>
<Execution ProcessID="7360" ThreadID="6400"></Execution>
<Channel>Setup</Channel>
<Computer>DESKTOP-KUHNMLA</Computer>
<Security UserID="S-1-5-18"></Security>
</System>
<UserData><CbsPackageInitiateChanges xmlns="http://manifests.microsoft.com/win/2004/08/windows/setup_provider"><PackageIdentifier>KB5003742</PackageIdentifier>
<InitialPackageState>5000</InitialPackageState>
<InitialPackageStateTextized>Absent</InitialPackageStateTextized>
<IntendedPackageState>5112</IntendedPackageState>
<IntendedPackageStateTextized>Installed</IntendedPackageStateTextized>
<Client>UpdateAgentLCU</Client>
</CbsPackageInitiateChanges>
</UserData>
</Event>

<Event xmlns="http://schemas.microsoft.com/win/2004/08/events/event"><System><Provider Name="Microsoft-Windows-Servicing" Guid="{bd12f3b8-fc40-4a61-a307-b7a013a069c1}"></Provider>
<EventID Qualifiers="">2</EventID>
<Version>0</Version>
<Level>0</Level>
<Task>1</Task>
<Opcode>0</Opcode>
<Keywords>0x8000000000000000</Keywords>
<TimeCreated SystemTime="2021-07-08 03:04:26.555542"></TimeCreated>
<EventRecordID>104</EventRecordID>
<Correlation ActivityID="" RelatedActivityID=""></Correlation>
<Execution ProcessID="7360" ThreadID="6400"></Execution>
<Channel>Setup</Channel>
<Computer>DESKTOP-KUHNMLA</Computer>
<Security UserID="S-1-5-18"></Security>
</System>
<UserData><CbsPackageChangeState xmlns="http://manifests.microsoft.com/win/2004/08/windows/setup_provider"><PackageIdentifier>KB5003742</PackageIdentifier>
<IntendedPackageState>5112</IntendedPackageState>
<IntendedPackageStateTextized>Installed</IntendedPackageStateTextized>
<ErrorCode>0x0</ErrorCode>
<Client>UpdateAgentLCU</Client>
</CbsPackageChangeState>
</UserData>
</Event>

<Event xmlns="http://schemas.microsoft.com/win/2004/08/events/event"><System><Provider Name="Microsoft-Windows-Servicing" Guid="{bd12f3b8-fc40-4a61-a307-b7a013a069c1}"></Provider>
<EventID Qualifiers="">1</EventID>
<Version>0</Version>
<Level>0</Level>
<Task>1</Task>
<Opcode>0</Opcode>
<Keywords>0x8000000000000000</Keywords>
<TimeCreated SystemTime="2021-07-08 03:11:47.381283"></TimeCreated>
<EventRecordID>105</EventRecordID>
<Correlation ActivityID="" RelatedActivityID=""></Correlation>
<Execution ProcessID="340" ThreadID="4688"></Execution>
<Channel>Setup</Channel>
<Computer>DESKTOP-KUHNMLA</Computer>
<Security UserID="S-1-5-18"></Security>
</System>
<UserData><CbsPackageInitiateChanges xmlns="http://manifests.microsoft.com/win/2004/08/windows/setup_provider"><PackageIdentifier>KB5004945</PackageIdentifier>
<InitialPackageState>5000</InitialPackageState>
<InitialPackageStateTextized>Absent</InitialPackageStateTextized>
<IntendedPackageState>5112</IntendedPackageState>
<IntendedPackageStateTextized>Installed</IntendedPackageStateTextized>
<Client>UpdateAgentLCU</Client>
</CbsPackageInitiateChanges>
</UserData>
</Event>

<Event xmlns="http://schemas.microsoft.com/win/2004/08/events/event"><System><Provider Name="Microsoft-Windows-Servicing" Guid="{bd12f3b8-fc40-4a61-a307-b7a013a069c1}"></Provider>
<EventID Qualifiers="">4</EventID>
<Version>0</Version>
<Level>0</Level>
<Task>1</Task>
<Opcode>0</Opcode>
<Keywords>0x8000000000000000</Keywords>
<TimeCreated SystemTime="2021-07-08 03:30:41.264002"></TimeCreated>
<EventRecordID>106</EventRecordID>
<Correlation ActivityID="" RelatedActivityID=""></Correlation>
<Execution ProcessID="340" ThreadID="4688"></Execution>
<Channel>Setup</Channel>
<Computer>DESKTOP-KUHNMLA</Computer>
<Security UserID="S-1-5-18"></Security>
</System>
<UserData><CbsPackageChangeState xmlns="http://manifests.microsoft.com/win/2004/08/windows/setup_provider"><PackageIdentifier>KB5004945</PackageIdentifier>
<IntendedPackageState>5112</IntendedPackageState>
<IntendedPackageStateTextized>Installed</IntendedPackageStateTextized>
<ErrorCode>0x0</ErrorCode>
<Client>UpdateAgentLCU</Client>
</CbsPackageChangeState>
</UserData>
</Event>

<Event xmlns="http://schemas.microsoft.com/win/2004/08/events/event"><System><Provider Name="Microsoft-Windows-Servicing" Guid="{bd12f3b8-fc40-4a61-a307-b7a013a069c1}"></Provider>
<EventID Qualifiers="">2</EventID>
<Version>0</Version>
<Level>0</Level>
<Task>1</Task>
<Opcode>0</Opcode>
<Keywords>0x8000000000000000</Keywords>
<TimeCreated SystemTime="2021-07-08 04:40:23.860386"></TimeCreated>
<EventRecordID>107</EventRecordID>
<Correlation ActivityID="{df68495a-73b2-0000-644b-68dfb273d701}" RelatedActivityID=""></Correlation>
<Execution ProcessID="2292" ThreadID="2316"></Execution>
<Channel>Setup</Channel>
<Computer>DESKTOP-KUHNMLA</Computer>
<Security UserID="S-1-5-18"></Security>
</System>
<UserData><CbsPackageChangeState xmlns="http://manifests.microsoft.com/win/2004/08/windows/setup_provider"><PackageIdentifier>KB5004945</PackageIdentifier>
<IntendedPackageState>5112</IntendedPackageState>
<IntendedPackageStateTextized>Installed</IntendedPackageStateTextized>
<ErrorCode>0x0</ErrorCode>
<Client>UpdateAgentLCU</Client>
</CbsPackageChangeState>
</UserData>
</Event>

<Event xmlns="http://schemas.microsoft.com/win/2004/08/events/event"><System><Provider Name="Microsoft-Windows-Servicing" Guid="{bd12f3b8-fc40-4a61-a307-b7a013a069c1}"></Provider>
<EventID Qualifiers="">1</EventID>
<Version>0</Version>
<Level>0</Level>
<Task>1</Task>
<Opcode>0</Opcode>
<Keywords>0x8000000000000000</Keywords>
<TimeCreated SystemTime="2021-07-08 13:40:12.388208"></TimeCreated>
<EventRecordID>108</EventRecordID>
<Correlation ActivityID="" RelatedActivityID=""></Correlation>
<Execution ProcessID="516" ThreadID="8972"></Execution>
<Channel>Setup</Channel>
<Computer>DESKTOP-KUHNMLA</Computer>
<Security UserID="S-1-5-18"></Security>
</System>
<UserData><CbsPackageInitiateChanges xmlns="http://manifests.microsoft.com/win/2004/08/windows/setup_provider"><PackageIdentifier>KB5003537</PackageIdentifier>
<InitialPackageState>5000</InitialPackageState>
<InitialPackageStateTextized>Absent</InitialPackageStateTextized>
<IntendedPackageState>5112</IntendedPackageState>
<IntendedPackageStateTextized>Installed</IntendedPackageStateTextized>
<Client>WindowsUpdateAgent</Client>
</CbsPackageInitiateChanges>
</UserData>
</Event>

<Event xmlns="http://schemas.microsoft.com/win/2004/08/events/event"><System><Provider Name="Microsoft-Windows-Servicing" Guid="{bd12f3b8-fc40-4a61-a307-b7a013a069c1}"></Provider>
<EventID Qualifiers="">2</EventID>
<Version>0</Version>
<Level>0</Level>
<Task>1</Task>
<Opcode>0</Opcode>
<Keywords>0x8000000000000000</Keywords>
<TimeCreated SystemTime="2021-07-08 13:41:09.752781"></TimeCreated>
<EventRecordID>109</EventRecordID>
<Correlation ActivityID="" RelatedActivityID=""></Correlation>
<Execution ProcessID="516" ThreadID="8972"></Execution>
<Channel>Setup</Channel>
<Computer>DESKTOP-KUHNMLA</Computer>
<Security UserID="S-1-5-18"></Security>
</System>
<UserData><CbsPackageChangeState xmlns="http://manifests.microsoft.com/win/2004/08/windows/setup_provider"><PackageIdentifier>KB5003537</PackageIdentifier>
<IntendedPackageState>5112</IntendedPackageState>
<IntendedPackageStateTextized>Installed</IntendedPackageStateTextized>
<ErrorCode>0x0</ErrorCode>
<Client>WindowsUpdateAgent</Client>
</CbsPackageChangeState>
</UserData>
</Event>

<Event xmlns="http://schemas.microsoft.com/win/2004/08/events/event"><System><Provider Name="Microsoft-Windows-Servicing" Guid="{bd12f3b8-fc40-4a61-a307-b7a013a069c1}"></Provider>
<EventID Qualifiers="">1</EventID>
<Version>0</Version>
<Level>0</Level>
<Task>1</Task>
<Opcode>0</Opcode>
<Keywords>0x8000000000000000</Keywords>
<TimeCreated SystemTime="2021-07-19 15:24:20.742624"></TimeCreated>
<EventRecordID>110</EventRecordID>
<Correlation ActivityID="" RelatedActivityID=""></Correlation>
<Execution ProcessID="10108" ThreadID="6040"></Execution>
<Channel>Setup</Channel>
<Computer>DESKTOP-KUHNMLA</Computer>
<Security UserID="S-1-5-18"></Security>
</System>
<UserData><CbsPackageInitiateChanges xmlns="http://manifests.microsoft.com/win/2004/08/windows/setup_provider"><PackageIdentifier>KB5003214</PackageIdentifier>
<InitialPackageState>5080</InitialPackageState>
<InitialPackageStateTextized>Superseded</InitialPackageStateTextized>
<IntendedPackageState>5000</IntendedPackageState>
<IntendedPackageStateTextized>Absent</IntendedPackageStateTextized>
<Client>Arbiter</Client>
</CbsPackageInitiateChanges>
</UserData>
</Event>

<Event xmlns="http://schemas.microsoft.com/win/2004/08/events/event"><System><Provider Name="Microsoft-Windows-Servicing" Guid="{bd12f3b8-fc40-4a61-a307-b7a013a069c1}"></Provider>
<EventID Qualifiers="">1</EventID>
<Version>0</Version>
<Level>0</Level>
<Task>1</Task>
<Opcode>0</Opcode>
<Keywords>0x8000000000000000</Keywords>
<TimeCreated SystemTime="2021-07-19 15:28:07.480600"></TimeCreated>
<EventRecordID>111</EventRecordID>
<Correlation ActivityID="" RelatedActivityID=""></Correlation>
<Execution ProcessID="10108" ThreadID="8640"></Execution>
<Channel>Setup</Channel>
<Computer>DESKTOP-KUHNMLA</Computer>
<Security UserID="S-1-5-18"></Security>
</System>
<UserData><CbsPackageInitiateChanges xmlns="http://manifests.microsoft.com/win/2004/08/windows/setup_provider"><PackageIdentifier>KB5004237</PackageIdentifier>
<InitialPackageState>5000</InitialPackageState>
<InitialPackageStateTextized>Absent</InitialPackageStateTextized>
<IntendedPackageState>5112</IntendedPackageState>
<IntendedPackageStateTextized>Installed</IntendedPackageStateTextized>
<Client>UpdateAgentLCU</Client>
</CbsPackageInitiateChanges>
</UserData>
</Event>

<Event xmlns="http://schemas.microsoft.com/win/2004/08/events/event"><System><Provider Name="Microsoft-Windows-Servicing" Guid="{bd12f3b8-fc40-4a61-a307-b7a013a069c1}"></Provider>
<EventID Qualifiers="">4</EventID>
<Version>0</Version>
<Level>0</Level>
<Task>1</Task>
<Opcode>0</Opcode>
<Keywords>0x8000000000000000</Keywords>
<TimeCreated SystemTime="2021-07-19 15:42:23.504772"></TimeCreated>
<EventRecordID>112</EventRecordID>
<Correlation ActivityID="" RelatedActivityID=""></Correlation>
<Execution ProcessID="10108" ThreadID="8640"></Execution>
<Channel>Setup</Channel>
<Computer>DESKTOP-KUHNMLA</Computer>
<Security UserID="S-1-5-18"></Security>
</System>
<UserData><CbsPackageChangeState xmlns="http://manifests.microsoft.com/win/2004/08/windows/setup_provider"><PackageIdentifier>KB5004237</PackageIdentifier>
<IntendedPackageState>5112</IntendedPackageState>
<IntendedPackageStateTextized>Installed</IntendedPackageStateTextized>
<ErrorCode>0x0</ErrorCode>
<Client>UpdateAgentLCU</Client>
</CbsPackageChangeState>
</UserData>
</Event>

<Event xmlns="http://schemas.microsoft.com/win/2004/08/events/event"><System><Provider Name="Microsoft-Windows-Servicing" Guid="{bd12f3b8-fc40-4a61-a307-b7a013a069c1}"></Provider>
<EventID Qualifiers="">2</EventID>
<Version>0</Version>
<Level>0</Level>
<Task>1</Task>
<Opcode>0</Opcode>
<Keywords>0x8000000000000000</Keywords>
<TimeCreated SystemTime="2021-07-19 21:40:32.995029"></TimeCreated>
<EventRecordID>113</EventRecordID>
<Correlation ActivityID="" RelatedActivityID=""></Correlation>
<Execution ProcessID="1824" ThreadID="1856"></Execution>
<Channel>Setup</Channel>
<Computer>DESKTOP-KUHNMLA</Computer>
<Security UserID="S-1-5-18"></Security>
</System>
<UserData><CbsPackageChangeState xmlns="http://manifests.microsoft.com/win/2004/08/windows/setup_provider"><PackageIdentifier>KB5004237</PackageIdentifier>
<IntendedPackageState>5112</IntendedPackageState>
<IntendedPackageStateTextized>Installed</IntendedPackageStateTextized>
<ErrorCode>0x0</ErrorCode>
<Client>UpdateAgentLCU</Client>
</CbsPackageChangeState>
</UserData>
</Event>

<Event xmlns="http://schemas.microsoft.com/win/2004/08/events/event"><System><Provider Name="Microsoft-Windows-Servicing" Guid="{bd12f3b8-fc40-4a61-a307-b7a013a069c1}"></Provider>
<EventID Qualifiers="">1</EventID>
<Version>0</Version>
<Level>0</Level>
<Task>1</Task>
<Opcode>0</Opcode>
<Keywords>0x8000000000000000</Keywords>
<TimeCreated SystemTime="2021-08-13 22:05:47.372433"></TimeCreated>
<EventRecordID>114</EventRecordID>
<Correlation ActivityID="" RelatedActivityID=""></Correlation>
<Execution ProcessID="3400" ThreadID="3200"></Execution>
<Channel>Setup</Channel>
<Computer>DESKTOP-KUHNMLA</Computer>
<Security UserID="S-1-5-18"></Security>
</System>
<UserData><CbsPackageInitiateChanges xmlns="http://manifests.microsoft.com/win/2004/08/windows/setup_provider"><PackageIdentifier>KB5004476</PackageIdentifier>
<InitialPackageState>5080</InitialPackageState>
<InitialPackageStateTextized>Superseded</InitialPackageStateTextized>
<IntendedPackageState>5000</IntendedPackageState>
<IntendedPackageStateTextized>Absent</IntendedPackageStateTextized>
<Client>Arbiter</Client>
</CbsPackageInitiateChanges>
</UserData>
</Event>

<Event xmlns="http://schemas.microsoft.com/win/2004/08/events/event"><System><Provider Name="Microsoft-Windows-Servicing" Guid="{bd12f3b8-fc40-4a61-a307-b7a013a069c1}"></Provider>
<EventID Qualifiers="">1</EventID>
<Version>0</Version>
<Level>0</Level>
<Task>1</Task>
<Opcode>0</Opcode>
<Keywords>0x8000000000000000</Keywords>
<TimeCreated SystemTime="2021-08-13 22:08:14.459642"></TimeCreated>
<EventRecordID>115</EventRecordID>
<Correlation ActivityID="" RelatedActivityID=""></Correlation>
<Execution ProcessID="3400" ThreadID="3200"></Execution>
<Channel>Setup</Channel>
<Computer>DESKTOP-KUHNMLA</Computer>
<Security UserID="S-1-5-18"></Security>
</System>
<UserData><CbsPackageInitiateChanges xmlns="http://manifests.microsoft.com/win/2004/08/windows/setup_provider"><PackageIdentifier>KB5003254</PackageIdentifier>
<InitialPackageState>5080</InitialPackageState>
<InitialPackageStateTextized>Superseded</InitialPackageStateTextized>
<IntendedPackageState>5000</IntendedPackageState>
<IntendedPackageStateTextized>Absent</IntendedPackageStateTextized>
<Client>Arbiter</Client>
</CbsPackageInitiateChanges>
</UserData>
</Event>

<Event xmlns="http://schemas.microsoft.com/win/2004/08/events/event"><System><Provider Name="Microsoft-Windows-Servicing" Guid="{bd12f3b8-fc40-4a61-a307-b7a013a069c1}"></Provider>
<EventID Qualifiers="">1</EventID>
<Version>0</Version>
<Level>0</Level>
<Task>1</Task>
<Opcode>0</Opcode>
<Keywords>0x8000000000000000</Keywords>
<TimeCreated SystemTime="2021-08-13 22:11:00.445673"></TimeCreated>
<EventRecordID>116</EventRecordID>
<Correlation ActivityID="" RelatedActivityID=""></Correlation>
<Execution ProcessID="3400" ThreadID="4344"></Execution>
<Channel>Setup</Channel>
<Computer>DESKTOP-KUHNMLA</Computer>
<Security UserID="S-1-5-18"></Security>
</System>
<UserData><CbsPackageInitiateChanges xmlns="http://manifests.microsoft.com/win/2004/08/windows/setup_provider"><PackageIdentifier>KB5004331</PackageIdentifier>
<InitialPackageState>5000</InitialPackageState>
<InitialPackageStateTextized>Absent</InitialPackageStateTextized>
<IntendedPackageState>5112</IntendedPackageState>
<IntendedPackageStateTextized>Installed</IntendedPackageStateTextized>
<Client>WindowsUpdateAgent</Client>
</CbsPackageInitiateChanges>
</UserData>
</Event>

<Event xmlns="http://schemas.microsoft.com/win/2004/08/events/event"><System><Provider Name="Microsoft-Windows-Servicing" Guid="{bd12f3b8-fc40-4a61-a307-b7a013a069c1}"></Provider>
<EventID Qualifiers="">2</EventID>
<Version>0</Version>
<Level>0</Level>
<Task>1</Task>
<Opcode>0</Opcode>
<Keywords>0x8000000000000000</Keywords>
<TimeCreated SystemTime="2021-08-13 22:13:11.658701"></TimeCreated>
<EventRecordID>117</EventRecordID>
<Correlation ActivityID="" RelatedActivityID=""></Correlation>
<Execution ProcessID="3400" ThreadID="4344"></Execution>
<Channel>Setup</Channel>
<Computer>DESKTOP-KUHNMLA</Computer>
<Security UserID="S-1-5-18"></Security>
</System>
<UserData><CbsPackageChangeState xmlns="http://manifests.microsoft.com/win/2004/08/windows/setup_provider"><PackageIdentifier>KB5004331</PackageIdentifier>
<IntendedPackageState>5112</IntendedPackageState>
<IntendedPackageStateTextized>Installed</IntendedPackageStateTextized>
<ErrorCode>0x0</ErrorCode>
<Client>WindowsUpdateAgent</Client>
</CbsPackageChangeState>
</UserData>
</Event>

<Event xmlns="http://schemas.microsoft.com/win/2004/08/events/event"><System><Provider Name="Microsoft-Windows-Servicing" Guid="{bd12f3b8-fc40-4a61-a307-b7a013a069c1}"></Provider>
<EventID Qualifiers="">1</EventID>
<Version>0</Version>
<Level>0</Level>
<Task>1</Task>
<Opcode>0</Opcode>
<Keywords>0x8000000000000000</Keywords>
<TimeCreated SystemTime="2021-08-13 22:13:33.493706"></TimeCreated>
<EventRecordID>118</EventRecordID>
<Correlation ActivityID="" RelatedActivityID=""></Correlation>
<Execution ProcessID="3400" ThreadID="5656"></Execution>
<Channel>Setup</Channel>
<Computer>DESKTOP-KUHNMLA</Computer>
<Security UserID="S-1-5-18"></Security>
</System>
<UserData><CbsPackageInitiateChanges xmlns="http://manifests.microsoft.com/win/2004/08/windows/setup_provider"><PackageIdentifier>KB5005260</PackageIdentifier>
<InitialPackageState>5000</InitialPackageState>
<InitialPackageStateTextized>Absent</InitialPackageStateTextized>
<IntendedPackageState>5112</IntendedPackageState>
<IntendedPackageStateTextized>Installed</IntendedPackageStateTextized>
<Client>UpdateAgentLCU</Client>
</CbsPackageInitiateChanges>
</UserData>
</Event>

<Event xmlns="http://schemas.microsoft.com/win/2004/08/events/event"><System><Provider Name="Microsoft-Windows-Servicing" Guid="{bd12f3b8-fc40-4a61-a307-b7a013a069c1}"></Provider>
<EventID Qualifiers="">2</EventID>
<Version>0</Version>
<Level>0</Level>
<Task>1</Task>
<Opcode>0</Opcode>
<Keywords>0x8000000000000000</Keywords>
<TimeCreated SystemTime="2021-08-13 22:14:23.989809"></TimeCreated>
<EventRecordID>119</EventRecordID>
<Correlation ActivityID="" RelatedActivityID=""></Correlation>
<Execution ProcessID="3400" ThreadID="5656"></Execution>
<Channel>Setup</Channel>
<Computer>DESKTOP-KUHNMLA</Computer>
<Security UserID="S-1-5-18"></Security>
</System>
<UserData><CbsPackageChangeState xmlns="http://manifests.microsoft.com/win/2004/08/windows/setup_provider"><PackageIdentifier>KB5005260</PackageIdentifier>
<IntendedPackageState>5112</IntendedPackageState>
<IntendedPackageStateTextized>Installed</IntendedPackageStateTextized>
<ErrorCode>0x0</ErrorCode>
<Client>UpdateAgentLCU</Client>
</CbsPackageChangeState>
</UserData>
</Event>

<Event xmlns="http://schemas.microsoft.com/win/2004/08/events/event"><System><Provider Name="Microsoft-Windows-Servicing" Guid="{bd12f3b8-fc40-4a61-a307-b7a013a069c1}"></Provider>
<EventID Qualifiers="">1</EventID>
<Version>0</Version>
<Level>0</Level>
<Task>1</Task>
<Opcode>0</Opcode>
<Keywords>0x8000000000000000</Keywords>
<TimeCreated SystemTime="2021-08-13 22:19:10.696522"></TimeCreated>
<EventRecordID>120</EventRecordID>
<Correlation ActivityID="" RelatedActivityID=""></Correlation>
<Execution ProcessID="652" ThreadID="2820"></Execution>
<Channel>Setup</Channel>
<Computer>DESKTOP-KUHNMLA</Computer>
<Security UserID="S-1-5-18"></Security>
</System>
<UserData><CbsPackageInitiateChanges xmlns="http://manifests.microsoft.com/win/2004/08/windows/setup_provider"><PackageIdentifier>KB5005033</PackageIdentifier>
<InitialPackageState>5000</InitialPackageState>
<InitialPackageStateTextized>Absent</InitialPackageStateTextized>
<IntendedPackageState>5112</IntendedPackageState>
<IntendedPackageStateTextized>Installed</IntendedPackageStateTextized>
<Client>UpdateAgentLCU</Client>
</CbsPackageInitiateChanges>
</UserData>
</Event>

<Event xmlns="http://schemas.microsoft.com/win/2004/08/events/event"><System><Provider Name="Microsoft-Windows-Servicing" Guid="{bd12f3b8-fc40-4a61-a307-b7a013a069c1}"></Provider>
<EventID Qualifiers="">4</EventID>
<Version>0</Version>
<Level>0</Level>
<Task>1</Task>
<Opcode>0</Opcode>
<Keywords>0x8000000000000000</Keywords>
<TimeCreated SystemTime="2021-08-13 22:32:12.194059"></TimeCreated>
<EventRecordID>121</EventRecordID>
<Correlation ActivityID="" RelatedActivityID=""></Correlation>
<Execution ProcessID="652" ThreadID="2820"></Execution>
<Channel>Setup</Channel>
<Computer>DESKTOP-KUHNMLA</Computer>
<Security UserID="S-1-5-18"></Security>
</System>
<UserData><CbsPackageChangeState xmlns="http://manifests.microsoft.com/win/2004/08/windows/setup_provider"><PackageIdentifier>KB5005033</PackageIdentifier>
<IntendedPackageState>5112</IntendedPackageState>
<IntendedPackageStateTextized>Installed</IntendedPackageStateTextized>
<ErrorCode>0x0</ErrorCode>
<Client>UpdateAgentLCU</Client>
</CbsPackageChangeState>
</UserData>
</Event>

<Event xmlns="http://schemas.microsoft.com/win/2004/08/events/event"><System><Provider Name="Microsoft-Windows-Servicing" Guid="{bd12f3b8-fc40-4a61-a307-b7a013a069c1}"></Provider>
<EventID Qualifiers="">2</EventID>
<Version>0</Version>
<Level>0</Level>
<Task>1</Task>
<Opcode>0</Opcode>
<Keywords>0x8000000000000000</Keywords>
<TimeCreated SystemTime="2021-08-14 08:09:50.153105"></TimeCreated>
<EventRecordID>122</EventRecordID>
<Correlation ActivityID="" RelatedActivityID=""></Correlation>
<Execution ProcessID="3264" ThreadID="3308"></Execution>
<Channel>Setup</Channel>
<Computer>DESKTOP-KUHNMLA</Computer>
<Security UserID="S-1-5-18"></Security>
</System>
<UserData><CbsPackageChangeState xmlns="http://manifests.microsoft.com/win/2004/08/windows/setup_provider"><PackageIdentifier>KB5005033</PackageIdentifier>
<IntendedPackageState>5112</IntendedPackageState>
<IntendedPackageStateTextized>Installed</IntendedPackageStateTextized>
<ErrorCode>0x0</ErrorCode>
<Client>UpdateAgentLCU</Client>
</CbsPackageChangeState>
</UserData>
</Event>

<Event xmlns="http://schemas.microsoft.com/win/2004/08/events/event"><System><Provider Name="Microsoft-Windows-Servicing" Guid="{bd12f3b8-fc40-4a61-a307-b7a013a069c1}"></Provider>
<EventID Qualifiers="">1</EventID>
<Version>0</Version>
<Level>0</Level>
<Task>1</Task>
<Opcode>0</Opcode>
<Keywords>0x8000000000000000</Keywords>
<TimeCreated SystemTime="2021-09-07 16:58:58.119461"></TimeCreated>
<EventRecordID>123</EventRecordID>
<Correlation ActivityID="" RelatedActivityID=""></Correlation>
<Execution ProcessID="5304" ThreadID="7688"></Execution>
<Channel>Setup</Channel>
<Computer>DESKTOP-KUHNMLA</Computer>
<Security UserID="S-1-5-18"></Security>
</System>
<UserData><CbsPackageInitiateChanges xmlns="http://manifests.microsoft.com/win/2004/08/windows/setup_provider"><PackageIdentifier>KB5004945</PackageIdentifier>
<InitialPackageState>5080</InitialPackageState>
<InitialPackageStateTextized>Superseded</InitialPackageStateTextized>
<IntendedPackageState>5000</IntendedPackageState>
<IntendedPackageStateTextized>Absent</IntendedPackageStateTextized>
<Client>Arbiter</Client>
</CbsPackageInitiateChanges>
</UserData>
</Event>

<Event xmlns="http://schemas.microsoft.com/win/2004/08/events/event"><System><Provider Name="Microsoft-Windows-Servicing" Guid="{bd12f3b8-fc40-4a61-a307-b7a013a069c1}"></Provider>
<EventID Qualifiers="">1</EventID>
<Version>0</Version>
<Level>0</Level>
<Task>1</Task>
<Opcode>0</Opcode>
<Keywords>0x8000000000000000</Keywords>
<TimeCreated SystemTime="2021-09-07 17:01:59.831736"></TimeCreated>
<EventRecordID>124</EventRecordID>
<Correlation ActivityID="" RelatedActivityID=""></Correlation>
<Execution ProcessID="5304" ThreadID="7688"></Execution>
<Channel>Setup</Channel>
<Computer>DESKTOP-KUHNMLA</Computer>
<Security UserID="S-1-5-18"></Security>
</System>
<UserData><CbsPackageInitiateChanges xmlns="http://manifests.microsoft.com/win/2004/08/windows/setup_provider"><PackageIdentifier>Internet-Explorer-Optional-Package</PackageIdentifier>
<InitialPackageState>5080</InitialPackageState>
<InitialPackageStateTextized>Superseded</InitialPackageStateTextized>
<IntendedPackageState>5000</IntendedPackageState>
<IntendedPackageStateTextized>Absent</IntendedPackageStateTextized>
<Client>Arbiter</Client>
</CbsPackageInitiateChanges>
</UserData>
</Event>

<Event xmlns="http://schemas.microsoft.com/win/2004/08/events/event"><System><Provider Name="Microsoft-Windows-Servicing" Guid="{bd12f3b8-fc40-4a61-a307-b7a013a069c1}"></Provider>
<EventID Qualifiers="">1</EventID>
<Version>0</Version>
<Level>0</Level>
<Task>1</Task>
<Opcode>0</Opcode>
<Keywords>0x8000000000000000</Keywords>
<TimeCreated SystemTime="2021-09-07 17:06:03.937115"></TimeCreated>
<EventRecordID>125</EventRecordID>
<Correlation ActivityID="" RelatedActivityID=""></Correlation>
<Execution ProcessID="5304" ThreadID="9688"></Execution>
<Channel>Setup</Channel>
<Computer>DESKTOP-KUHNMLA</Computer>
<Security UserID="S-1-5-18"></Security>
</System>
<UserData><CbsPackageInitiateChanges xmlns="http://manifests.microsoft.com/win/2004/08/windows/setup_provider"><PackageIdentifier>KB5005101</PackageIdentifier>
<InitialPackageState>5000</InitialPackageState>
<InitialPackageStateTextized>Absent</InitialPackageStateTextized>
<IntendedPackageState>5112</IntendedPackageState>
<IntendedPackageStateTextized>Installed</IntendedPackageStateTextized>
<Client>UpdateAgentLCU</Client>
</CbsPackageInitiateChanges>
</UserData>
</Event>

<Event xmlns="http://schemas.microsoft.com/win/2004/08/events/event"><System><Provider Name="Microsoft-Windows-Servicing" Guid="{bd12f3b8-fc40-4a61-a307-b7a013a069c1}"></Provider>
<EventID Qualifiers="">4</EventID>
<Version>0</Version>
<Level>0</Level>
<Task>1</Task>
<Opcode>0</Opcode>
<Keywords>0x8000000000000000</Keywords>
<TimeCreated SystemTime="2021-09-07 17:30:42.086985"></TimeCreated>
<EventRecordID>126</EventRecordID>
<Correlation ActivityID="" RelatedActivityID=""></Correlation>
<Execution ProcessID="5304" ThreadID="9688"></Execution>
<Channel>Setup</Channel>
<Computer>DESKTOP-KUHNMLA</Computer>
<Security UserID="S-1-5-18"></Security>
</System>
<UserData><CbsPackageChangeState xmlns="http://manifests.microsoft.com/win/2004/08/windows/setup_provider"><PackageIdentifier>KB5005101</PackageIdentifier>
<IntendedPackageState>5112</IntendedPackageState>
<IntendedPackageStateTextized>Installed</IntendedPackageStateTextized>
<ErrorCode>0x0</ErrorCode>
<Client>UpdateAgentLCU</Client>
</CbsPackageChangeState>
</UserData>
</Event>

<Event xmlns="http://schemas.microsoft.com/win/2004/08/events/event"><System><Provider Name="Microsoft-Windows-Servicing" Guid="{bd12f3b8-fc40-4a61-a307-b7a013a069c1}"></Provider>
<EventID Qualifiers="">2</EventID>
<Version>0</Version>
<Level>0</Level>
<Task>1</Task>
<Opcode>0</Opcode>
<Keywords>0x8000000000000000</Keywords>
<TimeCreated SystemTime="2021-09-07 20:19:47.934034"></TimeCreated>
<EventRecordID>127</EventRecordID>
<Correlation ActivityID="" RelatedActivityID=""></Correlation>
<Execution ProcessID="2916" ThreadID="3032"></Execution>
<Channel>Setup</Channel>
<Computer>DESKTOP-KUHNMLA</Computer>
<Security UserID="S-1-5-18"></Security>
</System>
<UserData><CbsPackageChangeState xmlns="http://manifests.microsoft.com/win/2004/08/windows/setup_provider"><PackageIdentifier>KB5005101</PackageIdentifier>
<IntendedPackageState>5112</IntendedPackageState>
<IntendedPackageStateTextized>Installed</IntendedPackageStateTextized>
<ErrorCode>0x0</ErrorCode>
<Client>UpdateAgentLCU</Client>
</CbsPackageChangeState>
</UserData>
</Event>

<Event xmlns="http://schemas.microsoft.com/win/2004/08/events/event"><System><Provider Name="Microsoft-Windows-Servicing" Guid="{bd12f3b8-fc40-4a61-a307-b7a013a069c1}"></Provider>
<EventID Qualifiers="">1</EventID>
<Version>0</Version>
<Level>0</Level>
<Task>1</Task>
<Opcode>0</Opcode>
<Keywords>0x8000000000000000</Keywords>
<TimeCreated SystemTime="2021-09-15 02:21:28.740646"></TimeCreated>
<EventRecordID>128</EventRecordID>
<Correlation ActivityID="" RelatedActivityID=""></Correlation>
<Execution ProcessID="1576" ThreadID="4068"></Execution>
<Channel>Setup</Channel>
<Computer>DESKTOP-KUHNMLA</Computer>
<Security UserID="S-1-5-18"></Security>
</System>
<UserData><CbsPackageInitiateChanges xmlns="http://manifests.microsoft.com/win/2004/08/windows/setup_provider"><PackageIdentifier>KB5004237</PackageIdentifier>
<InitialPackageState>5080</InitialPackageState>
<InitialPackageStateTextized>Superseded</InitialPackageStateTextized>
<IntendedPackageState>5000</IntendedPackageState>
<IntendedPackageStateTextized>Absent</IntendedPackageStateTextized>
<Client>Arbiter</Client>
</CbsPackageInitiateChanges>
</UserData>
</Event>

<Event xmlns="http://schemas.microsoft.com/win/2004/08/events/event"><System><Provider Name="Microsoft-Windows-Servicing" Guid="{bd12f3b8-fc40-4a61-a307-b7a013a069c1}"></Provider>
<EventID Qualifiers="">1</EventID>
<Version>0</Version>
<Level>0</Level>
<Task>1</Task>
<Opcode>0</Opcode>
<Keywords>0x8000000000000000</Keywords>
<TimeCreated SystemTime="2021-09-15 02:25:29.014460"></TimeCreated>
<EventRecordID>129</EventRecordID>
<Correlation ActivityID="" RelatedActivityID=""></Correlation>
<Execution ProcessID="1576" ThreadID="4068"></Execution>
<Channel>Setup</Channel>
<Computer>DESKTOP-KUHNMLA</Computer>
<Security UserID="S-1-5-18"></Security>
</System>
<UserData><CbsPackageInitiateChanges xmlns="http://manifests.microsoft.com/win/2004/08/windows/setup_provider"><PackageIdentifier>KB5003537</PackageIdentifier>
<InitialPackageState>5080</InitialPackageState>
<InitialPackageStateTextized>Superseded</InitialPackageStateTextized>
<IntendedPackageState>5000</IntendedPackageState>
<IntendedPackageStateTextized>Absent</IntendedPackageStateTextized>
<Client>Arbiter</Client>
</CbsPackageInitiateChanges>
</UserData>
</Event>

<Event xmlns="http://schemas.microsoft.com/win/2004/08/events/event"><System><Provider Name="Microsoft-Windows-Servicing" Guid="{bd12f3b8-fc40-4a61-a307-b7a013a069c1}"></Provider>
<EventID Qualifiers="">1</EventID>
<Version>0</Version>
<Level>0</Level>
<Task>1</Task>
<Opcode>0</Opcode>
<Keywords>0x8000000000000000</Keywords>
<TimeCreated SystemTime="2021-09-15 02:30:44.008551"></TimeCreated>
<EventRecordID>130</EventRecordID>
<Correlation ActivityID="" RelatedActivityID=""></Correlation>
<Execution ProcessID="1576" ThreadID="168"></Execution>
<Channel>Setup</Channel>
<Computer>DESKTOP-KUHNMLA</Computer>
<Security UserID="S-1-5-18"></Security>
</System>
<UserData><CbsPackageInitiateChanges xmlns="http://manifests.microsoft.com/win/2004/08/windows/setup_provider"><PackageIdentifier>KB5005699</PackageIdentifier>
<InitialPackageState>5000</InitialPackageState>
<InitialPackageStateTextized>Absent</InitialPackageStateTextized>
<IntendedPackageState>5112</IntendedPackageState>
<IntendedPackageStateTextized>Installed</IntendedPackageStateTextized>
<Client>UpdateAgentLCU</Client>
</CbsPackageInitiateChanges>
</UserData>
</Event>

<Event xmlns="http://schemas.microsoft.com/win/2004/08/events/event"><System><Provider Name="Microsoft-Windows-Servicing" Guid="{bd12f3b8-fc40-4a61-a307-b7a013a069c1}"></Provider>
<EventID Qualifiers="">2</EventID>
<Version>0</Version>
<Level>0</Level>
<Task>1</Task>
<Opcode>0</Opcode>
<Keywords>0x8000000000000000</Keywords>
<TimeCreated SystemTime="2021-09-15 02:33:43.027559"></TimeCreated>
<EventRecordID>131</EventRecordID>
<Correlation ActivityID="" RelatedActivityID=""></Correlation>
<Execution ProcessID="1576" ThreadID="168"></Execution>
<Channel>Setup</Channel>
<Computer>DESKTOP-KUHNMLA</Computer>
<Security UserID="S-1-5-18"></Security>
</System>
<UserData><CbsPackageChangeState xmlns="http://manifests.microsoft.com/win/2004/08/windows/setup_provider"><PackageIdentifier>KB5005699</PackageIdentifier>
<IntendedPackageState>5112</IntendedPackageState>
<IntendedPackageStateTextized>Installed</IntendedPackageStateTextized>
<ErrorCode>0x0</ErrorCode>
<Client>UpdateAgentLCU</Client>
</CbsPackageChangeState>
</UserData>
</Event>

<Event xmlns="http://schemas.microsoft.com/win/2004/08/events/event"><System><Provider Name="Microsoft-Windows-Servicing" Guid="{bd12f3b8-fc40-4a61-a307-b7a013a069c1}"></Provider>
<EventID Qualifiers="">1</EventID>
<Version>0</Version>
<Level>0</Level>
<Task>1</Task>
<Opcode>0</Opcode>
<Keywords>0x8000000000000000</Keywords>
<TimeCreated SystemTime="2021-09-15 02:41:52.292820"></TimeCreated>
<EventRecordID>132</EventRecordID>
<Correlation ActivityID="" RelatedActivityID=""></Correlation>
<Execution ProcessID="9076" ThreadID="7840"></Execution>
<Channel>Setup</Channel>
<Computer>DESKTOP-KUHNMLA</Computer>
<Security UserID="S-1-5-18"></Security>
</System>
<UserData><CbsPackageInitiateChanges xmlns="http://manifests.microsoft.com/win/2004/08/windows/setup_provider"><PackageIdentifier>KB5005565</PackageIdentifier>
<InitialPackageState>5000</InitialPackageState>
<InitialPackageStateTextized>Absent</InitialPackageStateTextized>
<IntendedPackageState>5112</IntendedPackageState>
<IntendedPackageStateTextized>Installed</IntendedPackageStateTextized>
<Client>UpdateAgentLCU</Client>
</CbsPackageInitiateChanges>
</UserData>
</Event>

<Event xmlns="http://schemas.microsoft.com/win/2004/08/events/event"><System><Provider Name="Microsoft-Windows-Servicing" Guid="{bd12f3b8-fc40-4a61-a307-b7a013a069c1}"></Provider>
<EventID Qualifiers="">4</EventID>
<Version>0</Version>
<Level>0</Level>
<Task>1</Task>
<Opcode>0</Opcode>
<Keywords>0x8000000000000000</Keywords>
<TimeCreated SystemTime="2021-09-15 03:05:45.379700"></TimeCreated>
<EventRecordID>133</EventRecordID>
<Correlation ActivityID="" RelatedActivityID=""></Correlation>
<Execution ProcessID="9076" ThreadID="7840"></Execution>
<Channel>Setup</Channel>
<Computer>DESKTOP-KUHNMLA</Computer>
<Security UserID="S-1-5-18"></Security>
</System>
<UserData><CbsPackageChangeState xmlns="http://manifests.microsoft.com/win/2004/08/windows/setup_provider"><PackageIdentifier>KB5005565</PackageIdentifier>
<IntendedPackageState>5112</IntendedPackageState>
<IntendedPackageStateTextized>Installed</IntendedPackageStateTextized>
<ErrorCode>0x0</ErrorCode>
<Client>UpdateAgentLCU</Client>
</CbsPackageChangeState>
</UserData>
</Event>

<Event xmlns="http://schemas.microsoft.com/win/2004/08/events/event"><System><Provider Name="Microsoft-Windows-Servicing" Guid="{bd12f3b8-fc40-4a61-a307-b7a013a069c1}"></Provider>
<EventID Qualifiers="">2</EventID>
<Version>0</Version>
<Level>0</Level>
<Task>1</Task>
<Opcode>0</Opcode>
<Keywords>0x8000000000000000</Keywords>
<TimeCreated SystemTime="2021-09-15 08:09:31.543699"></TimeCreated>
<EventRecordID>134</EventRecordID>
<Correlation ActivityID="" RelatedActivityID=""></Correlation>
<Execution ProcessID="2044" ThreadID="1148"></Execution>
<Channel>Setup</Channel>
<Computer>DESKTOP-KUHNMLA</Computer>
<Security UserID="S-1-5-18"></Security>
</System>
<UserData><CbsPackageChangeState xmlns="http://manifests.microsoft.com/win/2004/08/windows/setup_provider"><PackageIdentifier>KB5005565</PackageIdentifier>
<IntendedPackageState>5112</IntendedPackageState>
<IntendedPackageStateTextized>Installed</IntendedPackageStateTextized>
<ErrorCode>0x0</ErrorCode>
<Client>UpdateAgentLCU</Client>
</CbsPackageChangeState>
</UserData>
</Event>

