<Event xmlns="http://schemas.microsoft.com/win/2004/08/events/event"><System><Provider Name="Microsoft-Windows-Servicing" Guid="{bd12f3b8-fc40-4a61-a307-b7a013a069c1}"></Provider>
<EventID Qualifiers="">2</EventID>
<Version>0</Version>
<Level>0</Level>
<Task>1</Task>
<Opcode>0</Opcode>
<Keywords>0x8000000000000000</Keywords>
<TimeCreated SystemTime="2021-02-10 22:41:37.347143"></TimeCreated>
<EventRecordID>45</EventRecordID>
<Correlation ActivityID="" RelatedActivityID=""></Correlation>
<Execution ProcessID="2708" ThreadID="2740"></Execution>
<Channel>Setup</Channel>
<Computer>DESKTOP-KUHNMLA</Computer>
<Security UserID="S-1-5-18"></Security>
</System>
<UserData><CbsPackageChangeState xmlns="http://manifests.microsoft.com/win/2004/08/windows/setup_provider"><PackageIdentifier>KB4601319</PackageIdentifier>
<IntendedPackageState>5112</IntendedPackageState>
<IntendedPackageStateTextized>Installed</IntendedPackageStateTextized>
<ErrorCode>0x0</ErrorCode>
<Client>UpdateAgentLCU</Client>
</CbsPackageChangeState>
</UserData>
</Event>

<Event xmlns="http://schemas.microsoft.com/win/2004/08/events/event"><System><Provider Name="Microsoft-Windows-Servicing" Guid="{bd12f3b8-fc40-4a61-a307-b7a013a069c1}"></Provider>
<EventID Qualifiers="">1</EventID>
<Version>0</Version>
<Level>0</Level>
<Task>1</Task>
<Opcode>0</Opcode>
<Keywords>0x8000000000000000</Keywords>
<TimeCreated SystemTime="2021-02-17 01:08:40.320948"></TimeCreated>
<EventRecordID>46</EventRecordID>
<Correlation ActivityID="" RelatedActivityID=""></Correlation>
<Execution ProcessID="1944" ThreadID="5700"></Execution>
<Channel>Setup</Channel>
<Computer>DESKTOP-KUHNMLA</Computer>
<Security UserID="S-1-5-18"></Security>
</System>
<UserData><CbsPackageInitiateChanges xmlns="http://manifests.microsoft.com/win/2004/08/windows/setup_provider"><PackageIdentifier>KB4592438</PackageIdentifier>
<InitialPackageState>5080</InitialPackageState>
<InitialPackageStateTextized>Superseded</InitialPackageStateTextized>
<IntendedPackageState>5000</IntendedPackageState>
<IntendedPackageStateTextized>Absent</IntendedPackageStateTextized>
<Client>CbsTask</Client>
</CbsPackageInitiateChanges>
</UserData>
</Event>

<Event xmlns="http://schemas.microsoft.com/win/2004/08/events/event"><System><Provider Name="Microsoft-Windows-Servicing" Guid="{bd12f3b8-fc40-4a61-a307-b7a013a069c1}"></Provider>
<EventID Qualifiers="">1</EventID>
<Version>0</Version>
<Level>0</Level>
<Task>1</Task>
<Opcode>0</Opcode>
<Keywords>0x8000000000000000</Keywords>
<TimeCreated SystemTime="2021-02-17 01:11:49.200571"></TimeCreated>
<EventRecordID>47</EventRecordID>
<Correlation ActivityID="" RelatedActivityID=""></Correlation>
<Execution ProcessID="1944" ThreadID="5700"></Execution>
<Channel>Setup</Channel>
<Computer>DESKTOP-KUHNMLA</Computer>
<Security UserID="S-1-5-18"></Security>
</System>
<UserData><CbsPackageInitiateChanges xmlns="http://manifests.microsoft.com/win/2004/08/windows/setup_provider"><PackageIdentifier>KB777778</PackageIdentifier>
<InitialPackageState>5080</InitialPackageState>
<InitialPackageStateTextized>Superseded</InitialPackageStateTextized>
<IntendedPackageState>5000</IntendedPackageState>
<IntendedPackageStateTextized>Absent</IntendedPackageStateTextized>
<Client>CbsTask</Client>
</CbsPackageInitiateChanges>
</UserData>
</Event>

<Event xmlns="http://schemas.microsoft.com/win/2004/08/events/event"><System><Provider Name="Microsoft-Windows-Servicing" Guid="{bd12f3b8-fc40-4a61-a307-b7a013a069c1}"></Provider>
<EventID Qualifiers="">1</EventID>
<Version>0</Version>
<Level>0</Level>
<Task>1</Task>
<Opcode>0</Opcode>
<Keywords>0x8000000000000000</Keywords>
<TimeCreated SystemTime="2021-02-17 01:11:49.723616"></TimeCreated>
<EventRecordID>48</EventRecordID>
<Correlation ActivityID="" RelatedActivityID=""></Correlation>
<Execution ProcessID="1944" ThreadID="5700"></Execution>
<Channel>Setup</Channel>
<Computer>DESKTOP-KUHNMLA</Computer>
<Security UserID="S-1-5-18"></Security>
</System>
<UserData><CbsPackageInitiateChanges xmlns="http://manifests.microsoft.com/win/2004/08/windows/setup_provider"><PackageIdentifier>KB777778</PackageIdentifier>
<InitialPackageState>5080</InitialPackageState>
<InitialPackageStateTextized>Superseded</InitialPackageStateTextized>
<IntendedPackageState>5000</IntendedPackageState>
<IntendedPackageStateTextized>Absent</IntendedPackageStateTextized>
<Client>CbsTask</Client>
</CbsPackageInitiateChanges>
</UserData>
</Event>

<Event xmlns="http://schemas.microsoft.com/win/2004/08/events/event"><System><Provider Name="Microsoft-Windows-Servicing" Guid="{bd12f3b8-fc40-4a61-a307-b7a013a069c1}"></Provider>
<EventID Qualifiers="">1</EventID>
<Version>0</Version>
<Level>0</Level>
<Task>1</Task>
<Opcode>0</Opcode>
<Keywords>0x8000000000000000</Keywords>
<TimeCreated SystemTime="2021-02-17 01:11:50.442778"></TimeCreated>
<EventRecordID>49</EventRecordID>
<Correlation ActivityID="" RelatedActivityID=""></Correlation>
<Execution ProcessID="1944" ThreadID="5700"></Execution>
<Channel>Setup</Channel>
<Computer>DESKTOP-KUHNMLA</Computer>
<Security UserID="S-1-5-18"></Security>
</System>
<UserData><CbsPackageInitiateChanges xmlns="http://manifests.microsoft.com/win/2004/08/windows/setup_provider"><PackageIdentifier>KB777778</PackageIdentifier>
<InitialPackageState>5080</InitialPackageState>
<InitialPackageStateTextized>Superseded</InitialPackageStateTextized>
<IntendedPackageState>5000</IntendedPackageState>
<IntendedPackageStateTextized>Absent</IntendedPackageStateTextized>
<Client>CbsTask</Client>
</CbsPackageInitiateChanges>
</UserData>
</Event>

<Event xmlns="http://schemas.microsoft.com/win/2004/08/events/event"><System><Provider Name="Microsoft-Windows-Servicing" Guid="{bd12f3b8-fc40-4a61-a307-b7a013a069c1}"></Provider>
<EventID Qualifiers="">1</EventID>
<Version>0</Version>
<Level>0</Level>
<Task>1</Task>
<Opcode>0</Opcode>
<Keywords>0x8000000000000000</Keywords>
<TimeCreated SystemTime="2021-02-17 03:46:54.863697"></TimeCreated>
<EventRecordID>50</EventRecordID>
<Correlation ActivityID="" RelatedActivityID=""></Correlation>
<Execution ProcessID="396" ThreadID="884"></Execution>
<Channel>Setup</Channel>
<Computer>DESKTOP-KUHNMLA</Computer>
<Security UserID="S-1-5-18"></Security>
</System>
<UserData><CbsPackageInitiateChanges xmlns="http://manifests.microsoft.com/win/2004/08/windows/setup_provider"><PackageIdentifier>KB4577586</PackageIdentifier>
<InitialPackageState>5000</InitialPackageState>
<InitialPackageStateTextized>Absent</InitialPackageStateTextized>
<IntendedPackageState>5112</IntendedPackageState>
<IntendedPackageStateTextized>Installed</IntendedPackageStateTextized>
<Client>WindowsUpdateAgent</Client>
</CbsPackageInitiateChanges>
</UserData>
</Event>

<Event xmlns="http://schemas.microsoft.com/win/2004/08/events/event"><System><Provider Name="Microsoft-Windows-Servicing" Guid="{bd12f3b8-fc40-4a61-a307-b7a013a069c1}"></Provider>
<EventID Qualifiers="">2</EventID>
<Version>0</Version>
<Level>0</Level>
<Task>1</Task>
<Opcode>0</Opcode>
<Keywords>0x8000000000000000</Keywords>
<TimeCreated SystemTime="2021-02-17 03:49:37.742018"></TimeCreated>
<EventRecordID>51</EventRecordID>
<Correlation ActivityID="" RelatedActivityID=""></Correlation>
<Execution ProcessID="396" ThreadID="884"></Execution>
<Channel>Setup</Channel>
<Computer>DESKTOP-KUHNMLA</Computer>
<Security UserID="S-1-5-18"></Security>
</System>
<UserData><CbsPackageChangeState xmlns="http://manifests.microsoft.com/win/2004/08/windows/setup_provider"><PackageIdentifier>KB4577586</PackageIdentifier>
<IntendedPackageState>5112</IntendedPackageState>
<IntendedPackageStateTextized>Installed</IntendedPackageStateTextized>
<ErrorCode>0x0</ErrorCode>
<Client>WindowsUpdateAgent</Client>
</CbsPackageChangeState>
</UserData>
</Event>

<Event xmlns="http://schemas.microsoft.com/win/2004/08/events/event"><System><Provider Name="Microsoft-Windows-Servicing" Guid="{bd12f3b8-fc40-4a61-a307-b7a013a069c1}"></Provider>
<EventID Qualifiers="">1</EventID>
<Version>0</Version>
<Level>0</Level>
<Task>1</Task>
<Opcode>0</Opcode>
<Keywords>0x8000000000000000</Keywords>
<TimeCreated SystemTime="2021-03-19 17:23:44.601694"></TimeCreated>
<EventRecordID>52</EventRecordID>
<Correlation ActivityID="" RelatedActivityID=""></Correlation>
<Execution ProcessID="10756" ThreadID="10524"></Execution>
<Channel>Setup</Channel>
<Computer>DESKTOP-KUHNMLA</Computer>
<Security UserID="S-1-5-18"></Security>
</System>
<UserData><CbsPackageInitiateChanges xmlns="http://manifests.microsoft.com/win/2004/08/windows/setup_provider"><PackageIdentifier>KB4598242</PackageIdentifier>
<InitialPackageState>5080</InitialPackageState>
<InitialPackageStateTextized>Superseded</InitialPackageStateTextized>
<IntendedPackageState>5000</IntendedPackageState>
<IntendedPackageStateTextized>Absent</IntendedPackageStateTextized>
<Client>Arbiter</Client>
</CbsPackageInitiateChanges>
</UserData>
</Event>

<Event xmlns="http://schemas.microsoft.com/win/2004/08/events/event"><System><Provider Name="Microsoft-Windows-Servicing" Guid="{bd12f3b8-fc40-4a61-a307-b7a013a069c1}"></Provider>
<EventID Qualifiers="">1</EventID>
<Version>0</Version>
<Level>0</Level>
<Task>1</Task>
<Opcode>0</Opcode>
<Keywords>0x8000000000000000</Keywords>
<TimeCreated SystemTime="2021-03-19 17:27:15.475220"></TimeCreated>
<EventRecordID>53</EventRecordID>
<Correlation ActivityID="" RelatedActivityID=""></Correlation>
<Execution ProcessID="10756" ThreadID="10524"></Execution>
<Channel>Setup</Channel>
<Computer>DESKTOP-KUHNMLA</Computer>
<Security UserID="S-1-5-18"></Security>
</System>
<UserData><CbsPackageInitiateChanges xmlns="http://manifests.microsoft.com/win/2004/08/windows/setup_provider"><PackageIdentifier>KB4586876</PackageIdentifier>
<InitialPackageState>5080</InitialPackageState>
<InitialPackageStateTextized>Superseded</InitialPackageStateTextized>
<IntendedPackageState>5000</IntendedPackageState>
<IntendedPackageStateTextized>Absent</IntendedPackageStateTextized>
<Client>Arbiter</Client>
</CbsPackageInitiateChanges>
</UserData>
</Event>

<Event xmlns="http://schemas.microsoft.com/win/2004/08/events/event"><System><Provider Name="Microsoft-Windows-Servicing" Guid="{bd12f3b8-fc40-4a61-a307-b7a013a069c1}"></Provider>
<EventID Qualifiers="">1</EventID>
<Version>0</Version>
<Level>0</Level>
<Task>1</Task>
<Opcode>0</Opcode>
<Keywords>0x8000000000000000</Keywords>
<TimeCreated SystemTime="2021-03-19 17:31:10.700851"></TimeCreated>
<EventRecordID>54</EventRecordID>
<Correlation ActivityID="" RelatedActivityID=""></Correlation>
<Execution ProcessID="10756" ThreadID="6264"></Execution>
<Channel>Setup</Channel>
<Computer>DESKTOP-KUHNMLA</Computer>
<Security UserID="S-1-5-18"></Security>
</System>
<UserData><CbsPackageInitiateChanges xmlns="http://manifests.microsoft.com/win/2004/08/windows/setup_provider"><PackageIdentifier>KB4601554</PackageIdentifier>
<InitialPackageState>5000</InitialPackageState>
<InitialPackageStateTextized>Absent</InitialPackageStateTextized>
<IntendedPackageState>5112</IntendedPackageState>
<IntendedPackageStateTextized>Installed</IntendedPackageStateTextized>
<Client>WindowsUpdateAgent</Client>
</CbsPackageInitiateChanges>
</UserData>
</Event>

<Event xmlns="http://schemas.microsoft.com/win/2004/08/events/event"><System><Provider Name="Microsoft-Windows-Servicing" Guid="{bd12f3b8-fc40-4a61-a307-b7a013a069c1}"></Provider>
<EventID Qualifiers="">2</EventID>
<Version>0</Version>
<Level>0</Level>
<Task>1</Task>
<Opcode>0</Opcode>
<Keywords>0x8000000000000000</Keywords>
<TimeCreated SystemTime="2021-03-19 17:34:34.470934"></TimeCreated>
<EventRecordID>55</EventRecordID>
<Correlation ActivityID="" RelatedActivityID=""></Correlation>
<Execution ProcessID="10756" ThreadID="6264"></Execution>
<Channel>Setup</Channel>
<Computer>DESKTOP-KUHNMLA</Computer>
<Security UserID="S-1-5-18"></Security>
</System>
<UserData><CbsPackageChangeState xmlns="http://manifests.microsoft.com/win/2004/08/windows/setup_provider"><PackageIdentifier>KB4601554</PackageIdentifier>
<IntendedPackageState>5112</IntendedPackageState>
<IntendedPackageStateTextized>Installed</IntendedPackageStateTextized>
<ErrorCode>0x0</ErrorCode>
<Client>WindowsUpdateAgent</Client>
</CbsPackageChangeState>
</UserData>
</Event>

<Event xmlns="http://schemas.microsoft.com/win/2004/08/events/event"><System><Provider Name="Microsoft-Windows-Servicing" Guid="{bd12f3b8-fc40-4a61-a307-b7a013a069c1}"></Provider>
<EventID Qualifiers="">1</EventID>
<Version>0</Version>
<Level>0</Level>
<Task>1</Task>
<Opcode>0</Opcode>
<Keywords>0x8000000000000000</Keywords>
<TimeCreated SystemTime="2021-03-19 17:34:46.545109"></TimeCreated>
<EventRecordID>56</EventRecordID>
<Correlation ActivityID="" RelatedActivityID=""></Correlation>
<Execution ProcessID="10756" ThreadID="8784"></Execution>
<Channel>Setup</Channel>
<Computer>DESKTOP-KUHNMLA</Computer>
<Security UserID="S-1-5-18"></Security>
</System>
<UserData><CbsPackageInitiateChanges xmlns="http://manifests.microsoft.com/win/2004/08/windows/setup_provider"><PackageIdentifier>KB4589212</PackageIdentifier>
<InitialPackageState>5000</InitialPackageState>
<InitialPackageStateTextized>Absent</InitialPackageStateTextized>
<IntendedPackageState>5112</IntendedPackageState>
<IntendedPackageStateTextized>Installed</IntendedPackageStateTextized>
<Client>WindowsUpdateAgent</Client>
</CbsPackageInitiateChanges>
</UserData>
</Event>

<Event xmlns="http://schemas.microsoft.com/win/2004/08/events/event"><System><Provider Name="Microsoft-Windows-Servicing" Guid="{bd12f3b8-fc40-4a61-a307-b7a013a069c1}"></Provider>
<EventID Qualifiers="">1</EventID>
<Version>0</Version>
<Level>0</Level>
<Task>1</Task>
<Opcode>0</Opcode>
<Keywords>0x8000000000000000</Keywords>
<TimeCreated SystemTime="2021-03-19 17:34:57.512957"></TimeCreated>
<EventRecordID>57</EventRecordID>
<Correlation ActivityID="" RelatedActivityID=""></Correlation>
<Execution ProcessID="10756" ThreadID="10788"></Execution>
<Channel>Setup</Channel>
<Computer>DESKTOP-KUHNMLA</Computer>
<Security UserID="S-1-5-18"></Security>
</System>
<UserData><CbsPackageInitiateChanges xmlns="http://manifests.microsoft.com/win/2004/08/windows/setup_provider"><PackageIdentifier>KB5000858</PackageIdentifier>
<InitialPackageState>5000</InitialPackageState>
<InitialPackageStateTextized>Absent</InitialPackageStateTextized>
<IntendedPackageState>5112</IntendedPackageState>
<IntendedPackageStateTextized>Installed</IntendedPackageStateTextized>
<Client>UpdateAgentLCU</Client>
</CbsPackageInitiateChanges>
</UserData>
</Event>

<Event xmlns="http://schemas.microsoft.com/win/2004/08/events/event"><System><Provider Name="Microsoft-Windows-Servicing" Guid="{bd12f3b8-fc40-4a61-a307-b7a013a069c1}"></Provider>
<EventID Qualifiers="">2</EventID>
<Version>0</Version>
<Level>0</Level>
<Task>1</Task>
<Opcode>0</Opcode>
<Keywords>0x8000000000000000</Keywords>
<TimeCreated SystemTime="2021-03-19 17:36:20.542789"></TimeCreated>
<EventRecordID>58</EventRecordID>
<Correlation ActivityID="" RelatedActivityID=""></Correlation>
<Execution ProcessID="10756" ThreadID="10788"></Execution>
<Channel>Setup</Channel>
<Computer>DESKTOP-KUHNMLA</Computer>
<Security UserID="S-1-5-18"></Security>
</System>
<UserData><CbsPackageChangeState xmlns="http://manifests.microsoft.com/win/2004/08/windows/setup_provider"><PackageIdentifier>KB5000858</PackageIdentifier>
<IntendedPackageState>5112</IntendedPackageState>
<IntendedPackageStateTextized>Installed</IntendedPackageStateTextized>
<ErrorCode>0x0</ErrorCode>
<Client>UpdateAgentLCU</Client>
</CbsPackageChangeState>
</UserData>
</Event>

<Event xmlns="http://schemas.microsoft.com/win/2004/08/events/event"><System><Provider Name="Microsoft-Windows-Servicing" Guid="{bd12f3b8-fc40-4a61-a307-b7a013a069c1}"></Provider>
<EventID Qualifiers="">1</EventID>
<Version>0</Version>
<Level>0</Level>
<Task>1</Task>
<Opcode>0</Opcode>
<Keywords>0x8000000000000000</Keywords>
<TimeCreated SystemTime="2021-03-19 17:36:52.420938"></TimeCreated>
<EventRecordID>59</EventRecordID>
<Correlation ActivityID="" RelatedActivityID=""></Correlation>
<Execution ProcessID="6564" ThreadID="8284"></Execution>
<Channel>Setup</Channel>
<Computer>DESKTOP-KUHNMLA</Computer>
<Security UserID="S-1-5-18"></Security>
</System>
<UserData><CbsPackageInitiateChanges xmlns="http://manifests.microsoft.com/win/2004/08/windows/setup_provider"><PackageIdentifier>KB5000802</PackageIdentifier>
<InitialPackageState>5000</InitialPackageState>
<InitialPackageStateTextized>Absent</InitialPackageStateTextized>
<IntendedPackageState>5112</IntendedPackageState>
<IntendedPackageStateTextized>Installed</IntendedPackageStateTextized>
<Client>UpdateAgentLCU</Client>
</CbsPackageInitiateChanges>
</UserData>
</Event>

<Event xmlns="http://schemas.microsoft.com/win/2004/08/events/event"><System><Provider Name="Microsoft-Windows-Servicing" Guid="{bd12f3b8-fc40-4a61-a307-b7a013a069c1}"></Provider>
<EventID Qualifiers="">4</EventID>
<Version>0</Version>
<Level>0</Level>
<Task>1</Task>
<Opcode>0</Opcode>
<Keywords>0x8000000000000000</Keywords>
<TimeCreated SystemTime="2021-03-19 17:59:37.615387"></TimeCreated>
<EventRecordID>60</EventRecordID>
<Correlation ActivityID="" RelatedActivityID=""></Correlation>
<Execution ProcessID="6564" ThreadID="8284"></Execution>
<Channel>Setup</Channel>
<Computer>DESKTOP-KUHNMLA</Computer>
<Security UserID="S-1-5-18"></Security>
</System>
<UserData><CbsPackageChangeState xmlns="http://manifests.microsoft.com/win/2004/08/windows/setup_provider"><PackageIdentifier>KB5000802</PackageIdentifier>
<IntendedPackageState>5112</IntendedPackageState>
<IntendedPackageStateTextized>Installed</IntendedPackageStateTextized>
<ErrorCode>0x0</ErrorCode>
<Client>UpdateAgentLCU</Client>
</CbsPackageChangeState>
</UserData>
</Event>

<Event xmlns="http://schemas.microsoft.com/win/2004/08/events/event"><System><Provider Name="Microsoft-Windows-Servicing" Guid="{bd12f3b8-fc40-4a61-a307-b7a013a069c1}"></Provider>
<EventID Qualifiers="">4</EventID>
<Version>0</Version>
<Level>0</Level>
<Task>1</Task>
<Opcode>0</Opcode>
<Keywords>0x8000000000000000</Keywords>
<TimeCreated SystemTime="2021-03-19 18:00:20.958851"></TimeCreated>
<EventRecordID>61</EventRecordID>
<Correlation ActivityID="" RelatedActivityID=""></Correlation>
<Execution ProcessID="6564" ThreadID="10856"></Execution>
<Channel>Setup</Channel>
<Computer>DESKTOP-KUHNMLA</Computer>
<Security UserID="S-1-5-18"></Security>
</System>
<UserData><CbsPackageChangeState xmlns="http://manifests.microsoft.com/win/2004/08/windows/setup_provider"><PackageIdentifier>KB4589212</PackageIdentifier>
<IntendedPackageState>5112</IntendedPackageState>
<IntendedPackageStateTextized>Installed</IntendedPackageStateTextized>
<ErrorCode>0x0</ErrorCode>
<Client>WindowsUpdateAgent</Client>
</CbsPackageChangeState>
</UserData>
</Event>

<Event xmlns="http://schemas.microsoft.com/win/2004/08/events/event"><System><Provider Name="Microsoft-Windows-Servicing" Guid="{bd12f3b8-fc40-4a61-a307-b7a013a069c1}"></Provider>
<EventID Qualifiers="">2</EventID>
<Version>0</Version>
<Level>0</Level>
<Task>1</Task>
<Opcode>0</Opcode>
<Keywords>0x8000000000000000</Keywords>
<TimeCreated SystemTime="2021-03-19 18:09:18.146406"></TimeCreated>
<EventRecordID>62</EventRecordID>
<Correlation ActivityID="{245a9df9-1cea-0000-cda3-5a24ea1cd701}" RelatedActivityID=""></Correlation>
<Execution ProcessID="2396" ThreadID="2428"></Execution>
<Channel>Setup</Channel>
<Computer>DESKTOP-KUHNMLA</Computer>
<Security UserID="S-1-5-18"></Security>
</System>
<UserData><CbsPackageChangeState xmlns="http://manifests.microsoft.com/win/2004/08/windows/setup_provider"><PackageIdentifier>KB4589212</PackageIdentifier>
<IntendedPackageState>5112</IntendedPackageState>
<IntendedPackageStateTextized>Installed</IntendedPackageStateTextized>
<ErrorCode>0x0</ErrorCode>
<Client>WindowsUpdateAgent</Client>
</CbsPackageChangeState>
</UserData>
</Event>

<Event xmlns="http://schemas.microsoft.com/win/2004/08/events/event"><System><Provider Name="Microsoft-Windows-Servicing" Guid="{bd12f3b8-fc40-4a61-a307-b7a013a069c1}"></Provider>
<EventID Qualifiers="">2</EventID>
<Version>0</Version>
<Level>0</Level>
<Task>1</Task>
<Opcode>0</Opcode>
<Keywords>0x8000000000000000</Keywords>
<TimeCreated SystemTime="2021-03-19 18:09:18.947487"></TimeCreated>
<EventRecordID>63</EventRecordID>
<Correlation ActivityID="{245a9df9-1cea-0000-cda3-5a24ea1cd701}" RelatedActivityID=""></Correlation>
<Execution ProcessID="2396" ThreadID="2428"></Execution>
<Channel>Setup</Channel>
<Computer>DESKTOP-KUHNMLA</Computer>
<Security UserID="S-1-5-18"></Security>
</System>
<UserData><CbsPackageChangeState xmlns="http://manifests.microsoft.com/win/2004/08/windows/setup_provider"><PackageIdentifier>KB5000802</PackageIdentifier>
<IntendedPackageState>5112</IntendedPackageState>
<IntendedPackageStateTextized>Installed</IntendedPackageStateTextized>
<ErrorCode>0x0</ErrorCode>
<Client>UpdateAgentLCU</Client>
</CbsPackageChangeState>
</UserData>
</Event>

<Event xmlns="http://schemas.microsoft.com/win/2004/08/events/event"><System><Provider Name="Microsoft-Windows-Servicing" Guid="{bd12f3b8-fc40-4a61-a307-b7a013a069c1}"></Provider>
<EventID Qualifiers="">1</EventID>
<Version>0</Version>
<Level>0</Level>
<Task>1</Task>
<Opcode>0</Opcode>
<Keywords>0x8000000000000000</Keywords>
<TimeCreated SystemTime="2021-03-19 23:32:41.944479"></TimeCreated>
<EventRecordID>64</EventRecordID>
<Correlation ActivityID="" RelatedActivityID=""></Correlation>
<Execution ProcessID="2132" ThreadID="8988"></Execution>
<Channel>Setup</Channel>
<Computer>DESKTOP-KUHNMLA</Computer>
<Security UserID="S-1-5-18"></Security>
</System>
<UserData><CbsPackageInitiateChanges xmlns="http://manifests.microsoft.com/win/2004/08/windows/setup_provider"><PackageIdentifier>KB5001567</PackageIdentifier>
<InitialPackageState>5000</InitialPackageState>
<InitialPackageStateTextized>Absent</InitialPackageStateTextized>
<IntendedPackageState>5112</IntendedPackageState>
<IntendedPackageStateTextized>Installed</IntendedPackageStateTextized>
<Client>UpdateAgentLCU</Client>
</CbsPackageInitiateChanges>
</UserData>
</Event>

<Event xmlns="http://schemas.microsoft.com/win/2004/08/events/event"><System><Provider Name="Microsoft-Windows-Servicing" Guid="{bd12f3b8-fc40-4a61-a307-b7a013a069c1}"></Provider>
<EventID Qualifiers="">4</EventID>
<Version>0</Version>
<Level>0</Level>
<Task>1</Task>
<Opcode>0</Opcode>
<Keywords>0x8000000000000000</Keywords>
<TimeCreated SystemTime="2021-03-19 23:44:17.669622"></TimeCreated>
<EventRecordID>65</EventRecordID>
<Correlation ActivityID="" RelatedActivityID=""></Correlation>
<Execution ProcessID="2132" ThreadID="8988"></Execution>
<Channel>Setup</Channel>
<Computer>DESKTOP-KUHNMLA</Computer>
<Security UserID="S-1-5-18"></Security>
</System>
<UserData><CbsPackageChangeState xmlns="http://manifests.microsoft.com/win/2004/08/windows/setup_provider"><PackageIdentifier>KB5001567</PackageIdentifier>
<IntendedPackageState>5112</IntendedPackageState>
<IntendedPackageStateTextized>Installed</IntendedPackageStateTextized>
<ErrorCode>0x0</ErrorCode>
<Client>UpdateAgentLCU</Client>
</CbsPackageChangeState>
</UserData>
</Event>

<Event xmlns="http://schemas.microsoft.com/win/2004/08/events/event"><System><Provider Name="Microsoft-Windows-Servicing" Guid="{bd12f3b8-fc40-4a61-a307-b7a013a069c1}"></Provider>
<EventID Qualifiers="">2</EventID>
<Version>0</Version>
<Level>0</Level>
<Task>1</Task>
<Opcode>0</Opcode>
<Keywords>0x8000000000000000</Keywords>
<TimeCreated SystemTime="2021-03-20 00:26:28.346947"></TimeCreated>
<EventRecordID>66</EventRecordID>
<Correlation ActivityID="" RelatedActivityID=""></Correlation>
<Execution ProcessID="2484" ThreadID="2544"></Execution>
<Channel>Setup</Channel>
<Computer>DESKTOP-KUHNMLA</Computer>
<Security UserID="S-1-5-18"></Security>
</System>
<UserData><CbsPackageChangeState xmlns="http://manifests.microsoft.com/win/2004/08/windows/setup_provider"><PackageIdentifier>KB5001567</PackageIdentifier>
<IntendedPackageState>5112</IntendedPackageState>
<IntendedPackageStateTextized>Installed</IntendedPackageStateTextized>
<ErrorCode>0x0</ErrorCode>
<Client>UpdateAgentLCU</Client>
</CbsPackageChangeState>
</UserData>
</Event>

<Event xmlns="http://schemas.microsoft.com/win/2004/08/events/event"><System><Provider Name="Microsoft-Windows-Servicing" Guid="{bd12f3b8-fc40-4a61-a307-b7a013a069c1}"></Provider>
<EventID Qualifiers="">1</EventID>
<Version>0</Version>
<Level>0</Level>
<Task>1</Task>
<Opcode>0</Opcode>
<Keywords>0x8000000000000000</Keywords>
<TimeCreated SystemTime="2021-04-22 14:47:09.608162"></TimeCreated>
<EventRecordID>67</EventRecordID>
<Correlation ActivityID="" RelatedActivityID=""></Correlation>
<Execution ProcessID="3884" ThreadID="5536"></Execution>
<Channel>Setup</Channel>
<Computer>DESKTOP-KUHNMLA</Computer>
<Security UserID="S-1-5-18"></Security>
</System>
<UserData><CbsPackageInitiateChanges xmlns="http://manifests.microsoft.com/win/2004/08/windows/setup_provider"><PackageIdentifier>KB4601319</PackageIdentifier>
<InitialPackageState>5080</InitialPackageState>
<InitialPackageStateTextized>Superseded</InitialPackageStateTextized>
<IntendedPackageState>5000</IntendedPackageState>
<IntendedPackageStateTextized>Absent</IntendedPackageStateTextized>
<Client>Arbiter</Client>
</CbsPackageInitiateChanges>
</UserData>
</Event>

<Event xmlns="http://schemas.microsoft.com/win/2004/08/events/event"><System><Provider Name="Microsoft-Windows-Servicing" Guid="{bd12f3b8-fc40-4a61-a307-b7a013a069c1}"></Provider>
<EventID Qualifiers="">1</EventID>
<Version>0</Version>
<Level>0</Level>
<Task>1</Task>
<Opcode>0</Opcode>
<Keywords>0x8000000000000000</Keywords>
<TimeCreated SystemTime="2021-04-22 14:56:29.247620"></TimeCreated>
<EventRecordID>68</EventRecordID>
<Correlation ActivityID="" RelatedActivityID=""></Correlation>
<Execution ProcessID="3884" ThreadID="5536"></Execution>
<Channel>Setup</Channel>
<Computer>DESKTOP-KUHNMLA</Computer>
<Security UserID="S-1-5-18"></Security>
</System>
<UserData><CbsPackageInitiateChanges xmlns="http://manifests.microsoft.com/win/2004/08/windows/setup_provider"><PackageIdentifier>KB5000802</PackageIdentifier>
<InitialPackageState>5080</InitialPackageState>
<InitialPackageStateTextized>Superseded</InitialPackageStateTextized>
<IntendedPackageState>5000</IntendedPackageState>
<IntendedPackageStateTextized>Absent</IntendedPackageStateTextized>
<Client>Arbiter</Client>
</CbsPackageInitiateChanges>
</UserData>
</Event>

<Event xmlns="http://schemas.microsoft.com/win/2004/08/events/event"><System><Provider Name="Microsoft-Windows-Servicing" Guid="{bd12f3b8-fc40-4a61-a307-b7a013a069c1}"></Provider>
<EventID Qualifiers="">1</EventID>
<Version>0</Version>
<Level>0</Level>
<Task>1</Task>
<Opcode>0</Opcode>
<Keywords>0x8000000000000000</Keywords>
<TimeCreated SystemTime="2021-04-22 14:57:09.649143"></TimeCreated>
<EventRecordID>69</EventRecordID>
<Correlation ActivityID="" RelatedActivityID=""></Correlation>
<Execution ProcessID="3884" ThreadID="5536"></Execution>
<Channel>Setup</Channel>
<Computer>DESKTOP-KUHNMLA</Computer>
<Security UserID="S-1-5-18"></Security>
</System>
<UserData><CbsPackageInitiateChanges xmlns="http://manifests.microsoft.com/win/2004/08/windows/setup_provider"><PackageIdentifier>KB4601050</PackageIdentifier>
<InitialPackageState>5080</InitialPackageState>
<InitialPackageStateTextized>Superseded</InitialPackageStateTextized>
<IntendedPackageState>5000</IntendedPackageState>
<IntendedPackageStateTextized>Absent</IntendedPackageStateTextized>
<Client>Arbiter</Client>
</CbsPackageInitiateChanges>
</UserData>
</Event>

<Event xmlns="http://schemas.microsoft.com/win/2004/08/events/event"><System><Provider Name="Microsoft-Windows-Servicing" Guid="{bd12f3b8-fc40-4a61-a307-b7a013a069c1}"></Provider>
<EventID Qualifiers="">1</EventID>
<Version>0</Version>
<Level>0</Level>
<Task>1</Task>
<Opcode>0</Opcode>
<Keywords>0x8000000000000000</Keywords>
<TimeCreated SystemTime="2021-04-22 15:01:41.318958"></TimeCreated>
<EventRecordID>70</EventRecordID>
<Correlation ActivityID="" RelatedActivityID=""></Correlation>
<Execution ProcessID="3884" ThreadID="1804"></Execution>
<Channel>Setup</Channel>
<Computer>DESKTOP-KUHNMLA</Computer>
<Security UserID="S-1-5-18"></Security>
</System>
<UserData><CbsPackageInitiateChanges xmlns="http://manifests.microsoft.com/win/2004/08/windows/setup_provider"><PackageIdentifier>KB5001405</PackageIdentifier>
<InitialPackageState>5000</InitialPackageState>
<InitialPackageStateTextized>Absent</InitialPackageStateTextized>
<IntendedPackageState>5112</IntendedPackageState>
<IntendedPackageStateTextized>Installed</IntendedPackageStateTextized>
<Client>UpdateAgentLCU</Client>
</CbsPackageInitiateChanges>
</UserData>
</Event>

<Event xmlns="http://schemas.microsoft.com/win/2004/08/events/event"><System><Provider Name="Microsoft-Windows-Servicing" Guid="{bd12f3b8-fc40-4a61-a307-b7a013a069c1}"></Provider>
<EventID Qualifiers="">2</EventID>
<Version>0</Version>
<Level>0</Level>
<Task>1</Task>
<Opcode>0</Opcode>
<Keywords>0x8000000000000000</Keywords>
<TimeCreated SystemTime="2021-04-22 15:04:26.317474"></TimeCreated>
<EventRecordID>71</EventRecordID>
<Correlation ActivityID="" RelatedActivityID=""></Correlation>
<Execution ProcessID="3884" ThreadID="1804"></Execution>
<Channel>Setup</Channel>
<Computer>DESKTOP-KUHNMLA</Computer>
<Security UserID="S-1-5-18"></Security>
</System>
<UserData><CbsPackageChangeState xmlns="http://manifests.microsoft.com/win/2004/08/windows/setup_provider"><PackageIdentifier>KB5001405</PackageIdentifier>
<IntendedPackageState>5112</IntendedPackageState>
<IntendedPackageStateTextized>Installed</IntendedPackageStateTextized>
<ErrorCode>0x0</ErrorCode>
<Client>UpdateAgentLCU</Client>
</CbsPackageChangeState>
</UserData>
</Event>

<Event xmlns="http://schemas.microsoft.com/win/2004/08/events/event"><System><Provider Name="Microsoft-Windows-Servicing" Guid="{bd12f3b8-fc40-4a61-a307-b7a013a069c1}"></Provider>
<EventID Qualifiers="">1</EventID>
<Version>0</Version>
<Level>0</Level>
<Task>1</Task>
<Opcode>0</Opcode>
<Keywords>0x8000000000000000</Keywords>
<TimeCreated SystemTime="2021-04-22 15:12:43.506872"></TimeCreated>
<EventRecordID>72</EventRecordID>
<Correlation ActivityID="" RelatedActivityID=""></Correlation>
<Execution ProcessID="3336" ThreadID="1952"></Execution>
<Channel>Setup</Channel>
<Computer>DESKTOP-KUHNMLA</Computer>
<Security UserID="S-1-5-18"></Security>
</System>
<UserData><CbsPackageInitiateChanges xmlns="http://manifests.microsoft.com/win/2004/08/windows/setup_provider"><PackageIdentifier>KB5001330</PackageIdentifier>
<InitialPackageState>5000</InitialPackageState>
<InitialPackageStateTextized>Absent</InitialPackageStateTextized>
<IntendedPackageState>5112</IntendedPackageState>
<IntendedPackageStateTextized>Installed</IntendedPackageStateTextized>
<Client>UpdateAgentLCU</Client>
</CbsPackageInitiateChanges>
</UserData>
</Event>

<Event xmlns="http://schemas.microsoft.com/win/2004/08/events/event"><System><Provider Name="Microsoft-Windows-Servicing" Guid="{bd12f3b8-fc40-4a61-a307-b7a013a069c1}"></Provider>
<EventID Qualifiers="">4</EventID>
<Version>0</Version>
<Level>0</Level>
<Task>1</Task>
<Opcode>0</Opcode>
<Keywords>0x8000000000000000</Keywords>
<TimeCreated SystemTime="2021-04-22 15:36:20.746462"></TimeCreated>
<EventRecordID>73</EventRecordID>
<Correlation ActivityID="" RelatedActivityID=""></Correlation>
<Execution ProcessID="3336" ThreadID="1952"></Execution>
<Channel>Setup</Channel>
<Computer>DESKTOP-KUHNMLA</Computer>
<Security UserID="S-1-5-18"></Security>
</System>
<UserData><CbsPackageChangeState xmlns="http://manifests.microsoft.com/win/2004/08/windows/setup_provider"><PackageIdentifier>KB5001330</PackageIdentifier>
<IntendedPackageState>5112</IntendedPackageState>
<IntendedPackageStateTextized>Installed</IntendedPackageStateTextized>
<ErrorCode>0x0</ErrorCode>
<Client>UpdateAgentLCU</Client>
</CbsPackageChangeState>
</UserData>
</Event>

<Event xmlns="http://schemas.microsoft.com/win/2004/08/events/event"><System><Provider Name="Microsoft-Windows-Servicing" Guid="{bd12f3b8-fc40-4a61-a307-b7a013a069c1}"></Provider>
<EventID Qualifiers="">2</EventID>
<Version>0</Version>
<Level>0</Level>
<Task>1</Task>
<Opcode>0</Opcode>
<Keywords>0x8000000000000000</Keywords>
<TimeCreated SystemTime="2021-04-22 15:48:43.307753"></TimeCreated>
<EventRecordID>74</EventRecordID>
<Correlation ActivityID="{f0214e6a-378d-0001-fa51-21f08d37d701}" RelatedActivityID=""></Correlation>
<Execution ProcessID="1440" ThreadID="2068"></Execution>
<Channel>Setup</Channel>
<Computer>DESKTOP-KUHNMLA</Computer>
<Security UserID="S-1-5-18"></Security>
</System>
<UserData><CbsPackageChangeState xmlns="http://manifests.microsoft.com/win/2004/08/windows/setup_provider"><PackageIdentifier>KB5001330</PackageIdentifier>
<IntendedPackageState>5112</IntendedPackageState>
<IntendedPackageStateTextized>Installed</IntendedPackageStateTextized>
<ErrorCode>0x0</ErrorCode>
<Client>UpdateAgentLCU</Client>
</CbsPackageChangeState>
</UserData>
</Event>

<Event xmlns="http://schemas.microsoft.com/win/2004/08/events/event"><System><Provider Name="Microsoft-Windows-Servicing" Guid="{bd12f3b8-fc40-4a61-a307-b7a013a069c1}"></Provider>
<EventID Qualifiers="">1</EventID>
<Version>0</Version>
<Level>0</Level>
<Task>1</Task>
<Opcode>0</Opcode>
<Keywords>0x8000000000000000</Keywords>
<TimeCreated SystemTime="2021-05-04 13:48:57.056627"></TimeCreated>
<EventRecordID>75</EventRecordID>
<Correlation ActivityID="" RelatedActivityID=""></Correlation>
<Execution ProcessID="5648" ThreadID="4348"></Execution>
<Channel>Setup</Channel>
<Computer>DESKTOP-KUHNMLA</Computer>
<Security UserID="S-1-5-18"></Security>
</System>
<UserData><CbsPackageInitiateChanges xmlns="http://manifests.microsoft.com/win/2004/08/windows/setup_provider"><PackageIdentifier>KB5003156</PackageIdentifier>
<InitialPackageState>5000</InitialPackageState>
<InitialPackageStateTextized>Absent</InitialPackageStateTextized>
<IntendedPackageState>5112</IntendedPackageState>
<IntendedPackageStateTextized>Installed</IntendedPackageStateTextized>
<Client>UpdateAgentLCU</Client>
</CbsPackageInitiateChanges>
</UserData>
</Event>

<Event xmlns="http://schemas.microsoft.com/win/2004/08/events/event"><System><Provider Name="Microsoft-Windows-Servicing" Guid="{bd12f3b8-fc40-4a61-a307-b7a013a069c1}"></Provider>
<EventID Qualifiers="">2</EventID>
<Version>0</Version>
<Level>0</Level>
<Task>1</Task>
<Opcode>0</Opcode>
<Keywords>0x8000000000000000</Keywords>
<TimeCreated SystemTime="2021-05-04 13:51:29.750380"></TimeCreated>
<EventRecordID>76</EventRecordID>
<Correlation ActivityID="" RelatedActivityID=""></Correlation>
<Execution ProcessID="5648" ThreadID="4348"></Execution>
<Channel>Setup</Channel>
<Computer>DESKTOP-KUHNMLA</Computer>
<Security UserID="S-1-5-18"></Security>
</System>
<UserData><CbsPackageChangeState xmlns="http://manifests.microsoft.com/win/2004/08/windows/setup_provider"><PackageIdentifier>KB5003156</PackageIdentifier>
<IntendedPackageState>5112</IntendedPackageState>
<IntendedPackageStateTextized>Installed</IntendedPackageStateTextized>
<ErrorCode>0x0</ErrorCode>
<Client>UpdateAgentLCU</Client>
</CbsPackageChangeState>
</UserData>
</Event>

<Event xmlns="http://schemas.microsoft.com/win/2004/08/events/event"><System><Provider Name="Microsoft-Windows-Servicing" Guid="{bd12f3b8-fc40-4a61-a307-b7a013a069c1}"></Provider>
<EventID Qualifiers="">1</EventID>
<Version>0</Version>
<Level>0</Level>
<Task>1</Task>
<Opcode>0</Opcode>
<Keywords>0x8000000000000000</Keywords>
<TimeCreated SystemTime="2021-05-04 14:05:03.037714"></TimeCreated>
<EventRecordID>77</EventRecordID>
<Correlation ActivityID="" RelatedActivityID=""></Correlation>
<Execution ProcessID="9704" ThreadID="9732"></Execution>
<Channel>Setup</Channel>
<Computer>DESKTOP-KUHNMLA</Computer>
<Security UserID="S-1-5-18"></Security>
</System>
<UserData><CbsPackageInitiateChanges xmlns="http://manifests.microsoft.com/win/2004/08/windows/setup_provider"><PackageIdentifier>KB5001391</PackageIdentifier>
<InitialPackageState>5000</InitialPackageState>
<InitialPackageStateTextized>Absent</InitialPackageStateTextized>
<IntendedPackageState>5112</IntendedPackageState>
<IntendedPackageStateTextized>Installed</IntendedPackageStateTextized>
<Client>UpdateAgentLCU</Client>
</CbsPackageInitiateChanges>
</UserData>
</Event>

<Event xmlns="http://schemas.microsoft.com/win/2004/08/events/event"><System><Provider Name="Microsoft-Windows-Servicing" Guid="{bd12f3b8-fc40-4a61-a307-b7a013a069c1}"></Provider>
<EventID Qualifiers="">4</EventID>
<Version>0</Version>
<Level>0</Level>
<Task>1</Task>
<Opcode>0</Opcode>
<Keywords>0x8000000000000000</Keywords>
<TimeCreated SystemTime="2021-05-04 14:37:43.071421"></TimeCreated>
<EventRecordID>78</EventRecordID>
<Correlation ActivityID="" RelatedActivityID=""></Correlation>
<Execution ProcessID="9704" ThreadID="9732"></Execution>
<Channel>Setup</Channel>
<Computer>DESKTOP-KUHNMLA</Computer>
<Security UserID="S-1-5-18"></Security>
</System>
<UserData><CbsPackageChangeState xmlns="http://manifests.microsoft.com/win/2004/08/windows/setup_provider"><PackageIdentifier>KB5001391</PackageIdentifier>
<IntendedPackageState>5112</IntendedPackageState>
<IntendedPackageStateTextized>Installed</IntendedPackageStateTextized>
<ErrorCode>0x0</ErrorCode>
<Client>UpdateAgentLCU</Client>
</CbsPackageChangeState>
</UserData>
</Event>

<Event xmlns="http://schemas.microsoft.com/win/2004/08/events/event"><System><Provider Name="Microsoft-Windows-Servicing" Guid="{bd12f3b8-fc40-4a61-a307-b7a013a069c1}"></Provider>
<EventID Qualifiers="">2</EventID>
<Version>0</Version>
<Level>0</Level>
<Task>1</Task>
<Opcode>0</Opcode>
<Keywords>0x8000000000000000</Keywords>
<TimeCreated SystemTime="2021-05-04 17:54:50.962629"></TimeCreated>
<EventRecordID>79</EventRecordID>
<Correlation ActivityID="{62bd963c-410d-0001-cb9c-bd620d41d701}" RelatedActivityID=""></Correlation>
<Execution ProcessID="2316" ThreadID="2400"></Execution>
<Channel>Setup</Channel>
<Computer>DESKTOP-KUHNMLA</Computer>
<Security UserID="S-1-5-18"></Security>
</System>
<UserData><CbsPackageChangeState xmlns="http://manifests.microsoft.com/win/2004/08/windows/setup_provider"><PackageIdentifier>KB5001391</PackageIdentifier>
<IntendedPackageState>5112</IntendedPackageState>
<IntendedPackageStateTextized>Installed</IntendedPackageStateTextized>
<ErrorCode>0x0</ErrorCode>
<Client>UpdateAgentLCU</Client>
</CbsPackageChangeState>
</UserData>
</Event>

<Event xmlns="http://schemas.microsoft.com/win/2004/08/events/event"><System><Provider Name="Microsoft-Windows-Servicing" Guid="{bd12f3b8-fc40-4a61-a307-b7a013a069c1}"></Provider>
<EventID Qualifiers="">1</EventID>
<Version>0</Version>
<Level>0</Level>
<Task>1</Task>
<Opcode>0</Opcode>
<Keywords>0x8000000000000000</Keywords>
<TimeCreated SystemTime="2021-05-05 17:19:56.343546"></TimeCreated>
<EventRecordID>80</EventRecordID>
<Correlation ActivityID="" RelatedActivityID=""></Correlation>
<Execution ProcessID="3248" ThreadID="9188"></Execution>
<Channel>Setup</Channel>
<Computer>DESKTOP-KUHNMLA</Computer>
<Security UserID="S-1-5-18"></Security>
</System>
<UserData><CbsPackageInitiateChanges xmlns="http://manifests.microsoft.com/win/2004/08/windows/setup_provider"><PackageIdentifier>KB5001567</PackageIdentifier>
<InitialPackageState>5080</InitialPackageState>
<InitialPackageStateTextized>Superseded</InitialPackageStateTextized>
<IntendedPackageState>5000</IntendedPackageState>
<IntendedPackageStateTextized>Absent</IntendedPackageStateTextized>
<Client>DISM Package Manager Provider</Client>
</CbsPackageInitiateChanges>
</UserData>
</Event>

<Event xmlns="http://schemas.microsoft.com/win/2004/08/events/event"><System><Provider Name="Microsoft-Windows-Servicing" Guid="{bd12f3b8-fc40-4a61-a307-b7a013a069c1}"></Provider>
<EventID Qualifiers="">1</EventID>
<Version>0</Version>
<Level>0</Level>
<Task>1</Task>
<Opcode>0</Opcode>
<Keywords>0x8000000000000000</Keywords>
<TimeCreated SystemTime="2021-05-05 17:19:56.343550"></TimeCreated>
<EventRecordID>81</EventRecordID>
<Correlation ActivityID="" RelatedActivityID=""></Correlation>
<Execution ProcessID="3248" ThreadID="9188"></Execution>
<Channel>Setup</Channel>
<Computer>DESKTOP-KUHNMLA</Computer>
<Security UserID="S-1-5-18"></Security>
</System>
<UserData><CbsPackageInitiateChanges xmlns="http://manifests.microsoft.com/win/2004/08/windows/setup_provider"><PackageIdentifier>KB5001330</PackageIdentifier>
<InitialPackageState>5080</InitialPackageState>
<InitialPackageStateTextized>Superseded</InitialPackageStateTextized>
<IntendedPackageState>5000</IntendedPackageState>
<IntendedPackageStateTextized>Absent</IntendedPackageStateTextized>
<Client>DISM Package Manager Provider</Client>
</CbsPackageInitiateChanges>
</UserData>
</Event>

<Event xmlns="http://schemas.microsoft.com/win/2004/08/events/event"><System><Provider Name="Microsoft-Windows-Servicing" Guid="{bd12f3b8-fc40-4a61-a307-b7a013a069c1}"></Provider>
<EventID Qualifiers="">1</EventID>
<Version>0</Version>
<Level>0</Level>
<Task>1</Task>
<Opcode>0</Opcode>
<Keywords>0x8000000000000000</Keywords>
<TimeCreated SystemTime="2021-05-13 13:07:44.088978"></TimeCreated>
<EventRecordID>82</EventRecordID>
<Correlation ActivityID="" RelatedActivityID=""></Correlation>
<Execution ProcessID="8116" ThreadID="7356"></Execution>
<Channel>Setup</Channel>
<Computer>DESKTOP-KUHNMLA</Computer>
<Security UserID="S-1-5-18"></Security>
</System>
<UserData><CbsPackageInitiateChanges xmlns="http://manifests.microsoft.com/win/2004/08/windows/setup_provider"><PackageIdentifier>KB5003242</PackageIdentifier>
<InitialPackageState>5000</InitialPackageState>
<InitialPackageStateTextized>Absent</InitialPackageStateTextized>
<IntendedPackageState>5112</IntendedPackageState>
<IntendedPackageStateTextized>Installed</IntendedPackageStateTextized>
<Client>UpdateAgentLCU</Client>
</CbsPackageInitiateChanges>
</UserData>
</Event>

<Event xmlns="http://schemas.microsoft.com/win/2004/08/events/event"><System><Provider Name="Microsoft-Windows-Servicing" Guid="{bd12f3b8-fc40-4a61-a307-b7a013a069c1}"></Provider>
<EventID Qualifiers="">2</EventID>
<Version>0</Version>
<Level>0</Level>
<Task>1</Task>
<Opcode>0</Opcode>
<Keywords>0x8000000000000000</Keywords>
<TimeCreated SystemTime="2021-05-13 13:08:54.348776"></TimeCreated>
<EventRecordID>83</EventRecordID>
<Correlation ActivityID="" RelatedActivityID=""></Correlation>
<Execution ProcessID="8116" ThreadID="7356"></Execution>
<Channel>Setup</Channel>
<Computer>DESKTOP-KUHNMLA</Computer>
<Security UserID="S-1-5-18"></Security>
</System>
<UserData><CbsPackageChangeState xmlns="http://manifests.microsoft.com/win/2004/08/windows/setup_provider"><PackageIdentifier>KB5003242</PackageIdentifier>
<IntendedPackageState>5112</IntendedPackageState>
<IntendedPackageStateTextized>Installed</IntendedPackageStateTextized>
<ErrorCode>0x0</ErrorCode>
<Client>UpdateAgentLCU</Client>
</CbsPackageChangeState>
</UserData>
</Event>

<Event xmlns="http://schemas.microsoft.com/win/2004/08/events/event"><System><Provider Name="Microsoft-Windows-Servicing" Guid="{bd12f3b8-fc40-4a61-a307-b7a013a069c1}"></Provider>
<EventID Qualifiers="">1</EventID>
<Version>0</Version>
<Level>0</Level>
<Task>1</Task>
<Opcode>0</Opcode>
<Keywords>0x8000000000000000</Keywords>
<TimeCreated SystemTime="2021-05-13 13:20:08.500345"></TimeCreated>
<EventRecordID>84</EventRecordID>
<Correlation ActivityID="" RelatedActivityID=""></Correlation>
<Execution ProcessID="5276" ThreadID="10796"></Execution>
<Channel>Setup</Channel>
<Computer>DESKTOP-KUHNMLA</Computer>
<Security UserID="S-1-5-18"></Security>
</System>
<UserData><CbsPackageInitiateChanges xmlns="http://manifests.microsoft.com/win/2004/08/windows/setup_provider"><PackageIdentifier>KB5003173</PackageIdentifier>
<InitialPackageState>5000</InitialPackageState>
<InitialPackageStateTextized>Absent</InitialPackageStateTextized>
<IntendedPackageState>5112</IntendedPackageState>
<IntendedPackageStateTextized>Installed</IntendedPackageStateTextized>
<Client>UpdateAgentLCU</Client>
</CbsPackageInitiateChanges>
</UserData>
</Event>

<Event xmlns="http://schemas.microsoft.com/win/2004/08/events/event"><System><Provider Name="Microsoft-Windows-Servicing" Guid="{bd12f3b8-fc40-4a61-a307-b7a013a069c1}"></Provider>
<EventID Qualifiers="">4</EventID>
<Version>0</Version>
<Level>0</Level>
<Task>1</Task>
<Opcode>0</Opcode>
<Keywords>0x8000000000000000</Keywords>
<TimeCreated SystemTime="2021-05-13 13:30:04.640785"></TimeCreated>
<EventRecordID>85</EventRecordID>
<Correlation ActivityID="" RelatedActivityID=""></Correlation>
<Execution ProcessID="5276" ThreadID="10796"></Execution>
<Channel>Setup</Channel>
<Computer>DESKTOP-KUHNMLA</Computer>
<Security UserID="S-1-5-18"></Security>
</System>
<UserData><CbsPackageChangeState xmlns="http://manifests.microsoft.com/win/2004/08/windows/setup_provider"><PackageIdentifier>KB5003173</PackageIdentifier>
<IntendedPackageState>5112</IntendedPackageState>
<IntendedPackageStateTextized>Installed</IntendedPackageStateTextized>
<ErrorCode>0x0</ErrorCode>
<Client>UpdateAgentLCU</Client>
</CbsPackageChangeState>
</UserData>
</Event>

<Event xmlns="http://schemas.microsoft.com/win/2004/08/events/event"><System><Provider Name="Microsoft-Windows-Servicing" Guid="{bd12f3b8-fc40-4a61-a307-b7a013a069c1}"></Provider>
<EventID Qualifiers="">2</EventID>
<Version>0</Version>
<Level>0</Level>
<Task>1</Task>
<Opcode>0</Opcode>
<Keywords>0x8000000000000000</Keywords>
<TimeCreated SystemTime="2021-05-13 14:39:39.512146"></TimeCreated>
<EventRecordID>86</EventRecordID>
<Correlation ActivityID="" RelatedActivityID=""></Correlation>
<Execution ProcessID="2972" ThreadID="2852"></Execution>
<Channel>Setup</Channel>
<Computer>DESKTOP-KUHNMLA</Computer>
<Security UserID="S-1-5-18"></Security>
</System>
<UserData><CbsPackageChangeState xmlns="http://manifests.microsoft.com/win/2004/08/windows/setup_provider"><PackageIdentifier>KB5003173</PackageIdentifier>
<IntendedPackageState>5112</IntendedPackageState>
<IntendedPackageStateTextized>Installed</IntendedPackageStateTextized>
<ErrorCode>0x0</ErrorCode>
<Client>UpdateAgentLCU</Client>
</CbsPackageChangeState>
</UserData>
</Event>

<Event xmlns="http://schemas.microsoft.com/win/2004/08/events/event"><System><Provider Name="Microsoft-Windows-Servicing" Guid="{bd12f3b8-fc40-4a61-a307-b7a013a069c1}"></Provider>
<EventID Qualifiers="">1</EventID>
<Version>0</Version>
<Level>0</Level>
<Task>1</Task>
<Opcode>0</Opcode>
<Keywords>0x8000000000000000</Keywords>
<TimeCreated SystemTime="2021-05-31 00:46:49.054419"></TimeCreated>
<EventRecordID>87</EventRecordID>
<Correlation ActivityID="" RelatedActivityID=""></Correlation>
<Execution ProcessID="9692" ThreadID="336"></Execution>
<Channel>Setup</Channel>
<Computer>DESKTOP-KUHNMLA</Computer>
<Security UserID="S-1-5-18"></Security>
</System>
<UserData><CbsPackageInitiateChanges xmlns="http://manifests.microsoft.com/win/2004/08/windows/setup_provider"><PackageIdentifier>KB5003254</PackageIdentifier>
<InitialPackageState>5000</InitialPackageState>
<InitialPackageStateTextized>Absent</InitialPackageStateTextized>
<IntendedPackageState>5112</IntendedPackageState>
<IntendedPackageStateTextized>Installed</IntendedPackageStateTextized>
<Client>WindowsUpdateAgent</Client>
</CbsPackageInitiateChanges>
</UserData>
</Event>

<Event xmlns="http://schemas.microsoft.com/win/2004/08/events/event"><System><Provider Name="Microsoft-Windows-Servicing" Guid="{bd12f3b8-fc40-4a61-a307-b7a013a069c1}"></Provider>
<EventID Qualifiers="">2</EventID>
<Version>0</Version>
<Level>0</Level>
<Task>1</Task>
<Opcode>0</Opcode>
<Keywords>0x8000000000000000</Keywords>
<TimeCreated SystemTime="2021-05-31 00:48:39.272945"></TimeCreated>
<EventRecordID>88</EventRecordID>
<Correlation ActivityID="" RelatedActivityID=""></Correlation>
<Execution ProcessID="9692" ThreadID="336"></Execution>
<Channel>Setup</Channel>
<Computer>DESKTOP-KUHNMLA</Computer>
<Security UserID="S-1-5-18"></Security>
</System>
<UserData><CbsPackageChangeState xmlns="http://manifests.microsoft.com/win/2004/08/windows/setup_provider"><PackageIdentifier>KB5003254</PackageIdentifier>
<IntendedPackageState>5112</IntendedPackageState>
<IntendedPackageStateTextized>Installed</IntendedPackageStateTextized>
<ErrorCode>0x0</ErrorCode>
<Client>WindowsUpdateAgent</Client>
</CbsPackageChangeState>
</UserData>
</Event>

<Event xmlns="http://schemas.microsoft.com/win/2004/08/events/event"><System><Provider Name="Microsoft-Windows-Servicing" Guid="{bd12f3b8-fc40-4a61-a307-b7a013a069c1}"></Provider>
<EventID Qualifiers="">1</EventID>
<Version>0</Version>
<Level>0</Level>
<Task>1</Task>
<Opcode>0</Opcode>
<Keywords>0x8000000000000000</Keywords>
<TimeCreated SystemTime="2021-05-31 00:59:36.688520"></TimeCreated>
<EventRecordID>89</EventRecordID>
<Correlation ActivityID="" RelatedActivityID=""></Correlation>
<Execution ProcessID="10784" ThreadID="6060"></Execution>
<Channel>Setup</Channel>
<Computer>DESKTOP-KUHNMLA</Computer>
<Security UserID="S-1-5-18"></Security>
</System>
<UserData><CbsPackageInitiateChanges xmlns="http://manifests.microsoft.com/win/2004/08/windows/setup_provider"><PackageIdentifier>KB5000736</PackageIdentifier>
<InitialPackageState>5000</InitialPackageState>
<InitialPackageStateTextized>Absent</InitialPackageStateTextized>
<IntendedPackageState>5112</IntendedPackageState>
<IntendedPackageStateTextized>Installed</IntendedPackageStateTextized>
<Client>UpdateAgentLCU</Client>
</CbsPackageInitiateChanges>
</UserData>
</Event>

