<Event xmlns="http://schemas.microsoft.com/win/2004/08/events/event"><System><Provider Name="Microsoft-Windows-Servicing" Guid="{bd12f3b8-fc40-4a61-a307-b7a013a069c1}"></Provider>
<EventID Qualifiers="">1</EventID>
<Version>0</Version>
<Level>0</Level>
<Task>1</Task>
<Opcode>0</Opcode>
<Keywords>0x8000000000000000</Keywords>
<TimeCreated SystemTime="2023-05-12 00:33:18.590050"></TimeCreated>
<EventRecordID>315</EventRecordID>
<Correlation ActivityID="" RelatedActivityID=""></Correlation>
<Execution ProcessID="5284" ThreadID="7956"></Execution>
<Channel>Setup</Channel>
<Computer>DESKTOP-KUHNMLA</Computer>
<Security UserID="S-1-5-18"></Security>
</System>
<UserData><CbsPackageInitiateChanges xmlns="http://manifests.microsoft.com/win/2004/08/windows/setup_provider"><PackageIdentifier>KB5026361</PackageIdentifier>
<InitialPackageState>5000</InitialPackageState>
<InitialPackageStateTextized>Absent</InitialPackageStateTextized>
<IntendedPackageState>5112</IntendedPackageState>
<IntendedPackageStateTextized>Installed</IntendedPackageStateTextized>
<Client>UpdateAgentLCU</Client>
</CbsPackageInitiateChanges>
</UserData>
</Event>

<Event xmlns="http://schemas.microsoft.com/win/2004/08/events/event"><System><Provider Name="Microsoft-Windows-Servicing" Guid="{bd12f3b8-fc40-4a61-a307-b7a013a069c1}"></Provider>
<EventID Qualifiers="">4</EventID>
<Version>0</Version>
<Level>0</Level>
<Task>1</Task>
<Opcode>0</Opcode>
<Keywords>0x8000000000000000</Keywords>
<TimeCreated SystemTime="2023-05-12 01:03:58.793545"></TimeCreated>
<EventRecordID>316</EventRecordID>
<Correlation ActivityID="" RelatedActivityID=""></Correlation>
<Execution ProcessID="5284" ThreadID="7956"></Execution>
<Channel>Setup</Channel>
<Computer>DESKTOP-KUHNMLA</Computer>
<Security UserID="S-1-5-18"></Security>
</System>
<UserData><CbsPackageChangeState xmlns="http://manifests.microsoft.com/win/2004/08/windows/setup_provider"><PackageIdentifier>KB5026361</PackageIdentifier>
<IntendedPackageState>5112</IntendedPackageState>
<IntendedPackageStateTextized>Installed</IntendedPackageStateTextized>
<ErrorCode>0x0</ErrorCode>
<Client>UpdateAgentLCU</Client>
</CbsPackageChangeState>
</UserData>
</Event>

<Event xmlns="http://schemas.microsoft.com/win/2004/08/events/event"><System><Provider Name="Microsoft-Windows-Servicing" Guid="{bd12f3b8-fc40-4a61-a307-b7a013a069c1}"></Provider>
<EventID Qualifiers="">2</EventID>
<Version>0</Version>
<Level>0</Level>
<Task>1</Task>
<Opcode>0</Opcode>
<Keywords>0x8000000000000000</Keywords>
<TimeCreated SystemTime="2023-05-12 01:20:45.157806"></TimeCreated>
<EventRecordID>317</EventRecordID>
<Correlation ActivityID="{93a7dce0-846f-0002-88de-a7936f84d901}" RelatedActivityID=""></Correlation>
<Execution ProcessID="2648" ThreadID="2676"></Execution>
<Channel>Setup</Channel>
<Computer>DESKTOP-KUHNMLA</Computer>
<Security UserID="S-1-5-18"></Security>
</System>
<UserData><CbsPackageChangeState xmlns="http://manifests.microsoft.com/win/2004/08/windows/setup_provider"><PackageIdentifier>KB5026361</PackageIdentifier>
<IntendedPackageState>5112</IntendedPackageState>
<IntendedPackageStateTextized>Installed</IntendedPackageStateTextized>
<ErrorCode>0x0</ErrorCode>
<Client>UpdateAgentLCU</Client>
</CbsPackageChangeState>
</UserData>
</Event>

<Event xmlns="http://schemas.microsoft.com/win/2004/08/events/event"><System><Provider Name="Microsoft-Windows-Servicing" Guid="{bd12f3b8-fc40-4a61-a307-b7a013a069c1}"></Provider>
<EventID Qualifiers="">1</EventID>
<Version>0</Version>
<Level>0</Level>
<Task>1</Task>
<Opcode>0</Opcode>
<Keywords>0x8000000000000000</Keywords>
<TimeCreated SystemTime="2023-05-17 00:16:31.608685"></TimeCreated>
<EventRecordID>318</EventRecordID>
<Correlation ActivityID="" RelatedActivityID=""></Correlation>
<Execution ProcessID="1616" ThreadID="5860"></Execution>
<Channel>Setup</Channel>
<Computer>DESKTOP-KUHNMLA</Computer>
<Security UserID="S-1-5-18"></Security>
</System>
<UserData><CbsPackageInitiateChanges xmlns="http://manifests.microsoft.com/win/2004/08/windows/setup_provider"><PackageIdentifier>KB5023696</PackageIdentifier>
<InitialPackageState>5080</InitialPackageState>
<InitialPackageStateTextized>Superseded</InitialPackageStateTextized>
<IntendedPackageState>5000</IntendedPackageState>
<IntendedPackageStateTextized>Absent</IntendedPackageStateTextized>
<Client>CbsTask</Client>
</CbsPackageInitiateChanges>
</UserData>
</Event>

<Event xmlns="http://schemas.microsoft.com/win/2004/08/events/event"><System><Provider Name="Microsoft-Windows-Servicing" Guid="{bd12f3b8-fc40-4a61-a307-b7a013a069c1}"></Provider>
<EventID Qualifiers="">1</EventID>
<Version>0</Version>
<Level>0</Level>
<Task>1</Task>
<Opcode>0</Opcode>
<Keywords>0x8000000000000000</Keywords>
<TimeCreated SystemTime="2023-06-20 04:36:15.577765"></TimeCreated>
<EventRecordID>319</EventRecordID>
<Correlation ActivityID="" RelatedActivityID=""></Correlation>
<Execution ProcessID="6268" ThreadID="11508"></Execution>
<Channel>Setup</Channel>
<Computer>DESKTOP-KUHNMLA</Computer>
<Security UserID="S-1-5-18"></Security>
</System>
<UserData><CbsPackageInitiateChanges xmlns="http://manifests.microsoft.com/win/2004/08/windows/setup_provider"><PackageIdentifier>KB5025221</PackageIdentifier>
<InitialPackageState>5080</InitialPackageState>
<InitialPackageStateTextized>Superseded</InitialPackageStateTextized>
<IntendedPackageState>5000</IntendedPackageState>
<IntendedPackageStateTextized>Absent</IntendedPackageStateTextized>
<Client>Arbiter</Client>
</CbsPackageInitiateChanges>
</UserData>
</Event>

<Event xmlns="http://schemas.microsoft.com/win/2004/08/events/event"><System><Provider Name="Microsoft-Windows-Servicing" Guid="{bd12f3b8-fc40-4a61-a307-b7a013a069c1}"></Provider>
<EventID Qualifiers="">1</EventID>
<Version>0</Version>
<Level>0</Level>
<Task>1</Task>
<Opcode>0</Opcode>
<Keywords>0x8000000000000000</Keywords>
<TimeCreated SystemTime="2023-06-20 04:49:52.057833"></TimeCreated>
<EventRecordID>320</EventRecordID>
<Correlation ActivityID="" RelatedActivityID=""></Correlation>
<Execution ProcessID="6268" ThreadID="2532"></Execution>
<Channel>Setup</Channel>
<Computer>DESKTOP-KUHNMLA</Computer>
<Security UserID="S-1-5-18"></Security>
</System>
<UserData><CbsPackageInitiateChanges xmlns="http://manifests.microsoft.com/win/2004/08/windows/setup_provider"><PackageIdentifier>KB5027122</PackageIdentifier>
<InitialPackageState>5000</InitialPackageState>
<InitialPackageStateTextized>Absent</InitialPackageStateTextized>
<IntendedPackageState>5112</IntendedPackageState>
<IntendedPackageStateTextized>Installed</IntendedPackageStateTextized>
<Client>WindowsUpdateAgent</Client>
</CbsPackageInitiateChanges>
</UserData>
</Event>

<Event xmlns="http://schemas.microsoft.com/win/2004/08/events/event"><System><Provider Name="Microsoft-Windows-Servicing" Guid="{bd12f3b8-fc40-4a61-a307-b7a013a069c1}"></Provider>
<EventID Qualifiers="">2</EventID>
<Version>0</Version>
<Level>0</Level>
<Task>1</Task>
<Opcode>0</Opcode>
<Keywords>0x8000000000000000</Keywords>
<TimeCreated SystemTime="2023-06-20 04:53:47.787851"></TimeCreated>
<EventRecordID>321</EventRecordID>
<Correlation ActivityID="" RelatedActivityID=""></Correlation>
<Execution ProcessID="6268" ThreadID="2532"></Execution>
<Channel>Setup</Channel>
<Computer>DESKTOP-KUHNMLA</Computer>
<Security UserID="S-1-5-18"></Security>
</System>
<UserData><CbsPackageChangeState xmlns="http://manifests.microsoft.com/win/2004/08/windows/setup_provider"><PackageIdentifier>KB5027122</PackageIdentifier>
<IntendedPackageState>5112</IntendedPackageState>
<IntendedPackageStateTextized>Installed</IntendedPackageStateTextized>
<ErrorCode>0x0</ErrorCode>
<Client>WindowsUpdateAgent</Client>
</CbsPackageChangeState>
</UserData>
</Event>

<Event xmlns="http://schemas.microsoft.com/win/2004/08/events/event"><System><Provider Name="Microsoft-Windows-Servicing" Guid="{bd12f3b8-fc40-4a61-a307-b7a013a069c1}"></Provider>
<EventID Qualifiers="">1</EventID>
<Version>0</Version>
<Level>0</Level>
<Task>1</Task>
<Opcode>0</Opcode>
<Keywords>0x8000000000000000</Keywords>
<TimeCreated SystemTime="2023-06-20 04:54:18.363678"></TimeCreated>
<EventRecordID>322</EventRecordID>
<Correlation ActivityID="" RelatedActivityID=""></Correlation>
<Execution ProcessID="6268" ThreadID="10792"></Execution>
<Channel>Setup</Channel>
<Computer>DESKTOP-KUHNMLA</Computer>
<Security UserID="S-1-5-18"></Security>
</System>
<UserData><CbsPackageInitiateChanges xmlns="http://manifests.microsoft.com/win/2004/08/windows/setup_provider"><PackageIdentifier>KB5026879</PackageIdentifier>
<InitialPackageState>5000</InitialPackageState>
<InitialPackageStateTextized>Absent</InitialPackageStateTextized>
<IntendedPackageState>5112</IntendedPackageState>
<IntendedPackageStateTextized>Installed</IntendedPackageStateTextized>
<Client>UpdateAgentLCU</Client>
</CbsPackageInitiateChanges>
</UserData>
</Event>

<Event xmlns="http://schemas.microsoft.com/win/2004/08/events/event"><System><Provider Name="Microsoft-Windows-Servicing" Guid="{bd12f3b8-fc40-4a61-a307-b7a013a069c1}"></Provider>
<EventID Qualifiers="">2</EventID>
<Version>0</Version>
<Level>0</Level>
<Task>1</Task>
<Opcode>0</Opcode>
<Keywords>0x8000000000000000</Keywords>
<TimeCreated SystemTime="2023-06-20 04:55:26.972076"></TimeCreated>
<EventRecordID>323</EventRecordID>
<Correlation ActivityID="" RelatedActivityID=""></Correlation>
<Execution ProcessID="6268" ThreadID="10792"></Execution>
<Channel>Setup</Channel>
<Computer>DESKTOP-KUHNMLA</Computer>
<Security UserID="S-1-5-18"></Security>
</System>
<UserData><CbsPackageChangeState xmlns="http://manifests.microsoft.com/win/2004/08/windows/setup_provider"><PackageIdentifier>KB5026879</PackageIdentifier>
<IntendedPackageState>5112</IntendedPackageState>
<IntendedPackageStateTextized>Installed</IntendedPackageStateTextized>
<ErrorCode>0x0</ErrorCode>
<Client>UpdateAgentLCU</Client>
</CbsPackageChangeState>
</UserData>
</Event>

<Event xmlns="http://schemas.microsoft.com/win/2004/08/events/event"><System><Provider Name="Microsoft-Windows-Servicing" Guid="{bd12f3b8-fc40-4a61-a307-b7a013a069c1}"></Provider>
<EventID Qualifiers="">1</EventID>
<Version>0</Version>
<Level>0</Level>
<Task>1</Task>
<Opcode>0</Opcode>
<Keywords>0x8000000000000000</Keywords>
<TimeCreated SystemTime="2023-06-20 05:02:21.177307"></TimeCreated>
<EventRecordID>324</EventRecordID>
<Correlation ActivityID="" RelatedActivityID=""></Correlation>
<Execution ProcessID="7876" ThreadID="5732"></Execution>
<Channel>Setup</Channel>
<Computer>DESKTOP-KUHNMLA</Computer>
<Security UserID="S-1-5-18"></Security>
</System>
<UserData><CbsPackageInitiateChanges xmlns="http://manifests.microsoft.com/win/2004/08/windows/setup_provider"><PackageIdentifier>KB5027215</PackageIdentifier>
<InitialPackageState>5000</InitialPackageState>
<InitialPackageStateTextized>Absent</InitialPackageStateTextized>
<IntendedPackageState>5112</IntendedPackageState>
<IntendedPackageStateTextized>Installed</IntendedPackageStateTextized>
<Client>UpdateAgentLCU</Client>
</CbsPackageInitiateChanges>
</UserData>
</Event>

<Event xmlns="http://schemas.microsoft.com/win/2004/08/events/event"><System><Provider Name="Microsoft-Windows-Servicing" Guid="{bd12f3b8-fc40-4a61-a307-b7a013a069c1}"></Provider>
<EventID Qualifiers="">4</EventID>
<Version>0</Version>
<Level>0</Level>
<Task>1</Task>
<Opcode>0</Opcode>
<Keywords>0x8000000000000000</Keywords>
<TimeCreated SystemTime="2023-06-20 05:32:49.443254"></TimeCreated>
<EventRecordID>325</EventRecordID>
<Correlation ActivityID="" RelatedActivityID=""></Correlation>
<Execution ProcessID="7876" ThreadID="5732"></Execution>
<Channel>Setup</Channel>
<Computer>DESKTOP-KUHNMLA</Computer>
<Security UserID="S-1-5-18"></Security>
</System>
<UserData><CbsPackageChangeState xmlns="http://manifests.microsoft.com/win/2004/08/windows/setup_provider"><PackageIdentifier>KB5027215</PackageIdentifier>
<IntendedPackageState>5112</IntendedPackageState>
<IntendedPackageStateTextized>Installed</IntendedPackageStateTextized>
<ErrorCode>0x0</ErrorCode>
<Client>UpdateAgentLCU</Client>
</CbsPackageChangeState>
</UserData>
</Event>

<Event xmlns="http://schemas.microsoft.com/win/2004/08/events/event"><System><Provider Name="Microsoft-Windows-Servicing" Guid="{bd12f3b8-fc40-4a61-a307-b7a013a069c1}"></Provider>
<EventID Qualifiers="">2</EventID>
<Version>0</Version>
<Level>0</Level>
<Task>1</Task>
<Opcode>0</Opcode>
<Keywords>0x8000000000000000</Keywords>
<TimeCreated SystemTime="2023-06-20 05:52:32.938578"></TimeCreated>
<EventRecordID>326</EventRecordID>
<Correlation ActivityID="{fd59f281-a33a-0000-11f4-59fd3aa3d901}" RelatedActivityID=""></Correlation>
<Execution ProcessID="2752" ThreadID="2828"></Execution>
<Channel>Setup</Channel>
<Computer>DESKTOP-KUHNMLA</Computer>
<Security UserID="S-1-5-18"></Security>
</System>
<UserData><CbsPackageChangeState xmlns="http://manifests.microsoft.com/win/2004/08/windows/setup_provider"><PackageIdentifier>KB5027215</PackageIdentifier>
<IntendedPackageState>5112</IntendedPackageState>
<IntendedPackageStateTextized>Installed</IntendedPackageStateTextized>
<ErrorCode>0x0</ErrorCode>
<Client>UpdateAgentLCU</Client>
</CbsPackageChangeState>
</UserData>
</Event>

<Event xmlns="http://schemas.microsoft.com/win/2004/08/events/event"><System><Provider Name="Microsoft-Windows-Servicing" Guid="{bd12f3b8-fc40-4a61-a307-b7a013a069c1}"></Provider>
<EventID Qualifiers="">1</EventID>
<Version>0</Version>
<Level>0</Level>
<Task>1</Task>
<Opcode>0</Opcode>
<Keywords>0x8000000000000000</Keywords>
<TimeCreated SystemTime="2023-08-04 19:11:20.425735"></TimeCreated>
<EventRecordID>327</EventRecordID>
<Correlation ActivityID="" RelatedActivityID=""></Correlation>
<Execution ProcessID="10464" ThreadID="12220"></Execution>
<Channel>Setup</Channel>
<Computer>DESKTOP-KUHNMLA</Computer>
<Security UserID="S-1-5-18"></Security>
</System>
<UserData><CbsPackageInitiateChanges xmlns="http://manifests.microsoft.com/win/2004/08/windows/setup_provider"><PackageIdentifier>KB5026361</PackageIdentifier>
<InitialPackageState>5080</InitialPackageState>
<InitialPackageStateTextized>Superseded</InitialPackageStateTextized>
<IntendedPackageState>5000</IntendedPackageState>
<IntendedPackageStateTextized>Absent</IntendedPackageStateTextized>
<Client>Arbiter</Client>
</CbsPackageInitiateChanges>
</UserData>
</Event>

<Event xmlns="http://schemas.microsoft.com/win/2004/08/events/event"><System><Provider Name="Microsoft-Windows-Servicing" Guid="{bd12f3b8-fc40-4a61-a307-b7a013a069c1}"></Provider>
<EventID Qualifiers="">1</EventID>
<Version>0</Version>
<Level>0</Level>
<Task>1</Task>
<Opcode>0</Opcode>
<Keywords>0x8000000000000000</Keywords>
<TimeCreated SystemTime="2023-08-04 19:21:00.885172"></TimeCreated>
<EventRecordID>328</EventRecordID>
<Correlation ActivityID="" RelatedActivityID=""></Correlation>
<Execution ProcessID="10464" ThreadID="12220"></Execution>
<Channel>Setup</Channel>
<Computer>DESKTOP-KUHNMLA</Computer>
<Security UserID="S-1-5-18"></Security>
</System>
<UserData><CbsPackageInitiateChanges xmlns="http://manifests.microsoft.com/win/2004/08/windows/setup_provider"><PackageIdentifier>KB5022502</PackageIdentifier>
<InitialPackageState>5080</InitialPackageState>
<InitialPackageStateTextized>Superseded</InitialPackageStateTextized>
<IntendedPackageState>5000</IntendedPackageState>
<IntendedPackageStateTextized>Absent</IntendedPackageStateTextized>
<Client>Arbiter</Client>
</CbsPackageInitiateChanges>
</UserData>
</Event>

<Event xmlns="http://schemas.microsoft.com/win/2004/08/events/event"><System><Provider Name="Microsoft-Windows-Servicing" Guid="{bd12f3b8-fc40-4a61-a307-b7a013a069c1}"></Provider>
<EventID Qualifiers="">1</EventID>
<Version>0</Version>
<Level>0</Level>
<Task>1</Task>
<Opcode>0</Opcode>
<Keywords>0x8000000000000000</Keywords>
<TimeCreated SystemTime="2023-08-04 19:38:29.172922"></TimeCreated>
<EventRecordID>329</EventRecordID>
<Correlation ActivityID="" RelatedActivityID=""></Correlation>
<Execution ProcessID="10464" ThreadID="3000"></Execution>
<Channel>Setup</Channel>
<Computer>DESKTOP-KUHNMLA</Computer>
<Security UserID="S-1-5-18"></Security>
</System>
<UserData><CbsPackageInitiateChanges xmlns="http://manifests.microsoft.com/win/2004/08/windows/setup_provider"><PackageIdentifier>KB5028853</PackageIdentifier>
<InitialPackageState>5000</InitialPackageState>
<InitialPackageStateTextized>Absent</InitialPackageStateTextized>
<IntendedPackageState>5112</IntendedPackageState>
<IntendedPackageStateTextized>Installed</IntendedPackageStateTextized>
<Client>WindowsUpdateAgent</Client>
</CbsPackageInitiateChanges>
</UserData>
</Event>

<Event xmlns="http://schemas.microsoft.com/win/2004/08/events/event"><System><Provider Name="Microsoft-Windows-Servicing" Guid="{bd12f3b8-fc40-4a61-a307-b7a013a069c1}"></Provider>
<EventID Qualifiers="">2</EventID>
<Version>0</Version>
<Level>0</Level>
<Task>1</Task>
<Opcode>0</Opcode>
<Keywords>0x8000000000000000</Keywords>
<TimeCreated SystemTime="2023-08-04 19:43:28.461390"></TimeCreated>
<EventRecordID>330</EventRecordID>
<Correlation ActivityID="" RelatedActivityID=""></Correlation>
<Execution ProcessID="10464" ThreadID="3000"></Execution>
<Channel>Setup</Channel>
<Computer>DESKTOP-KUHNMLA</Computer>
<Security UserID="S-1-5-18"></Security>
</System>
<UserData><CbsPackageChangeState xmlns="http://manifests.microsoft.com/win/2004/08/windows/setup_provider"><PackageIdentifier>KB5028853</PackageIdentifier>
<IntendedPackageState>5112</IntendedPackageState>
<IntendedPackageStateTextized>Installed</IntendedPackageStateTextized>
<ErrorCode>0x0</ErrorCode>
<Client>WindowsUpdateAgent</Client>
</CbsPackageChangeState>
</UserData>
</Event>

<Event xmlns="http://schemas.microsoft.com/win/2004/08/events/event"><System><Provider Name="Microsoft-Windows-Servicing" Guid="{bd12f3b8-fc40-4a61-a307-b7a013a069c1}"></Provider>
<EventID Qualifiers="">1</EventID>
<Version>0</Version>
<Level>0</Level>
<Task>1</Task>
<Opcode>0</Opcode>
<Keywords>0x8000000000000000</Keywords>
<TimeCreated SystemTime="2023-08-04 19:44:35.163847"></TimeCreated>
<EventRecordID>331</EventRecordID>
<Correlation ActivityID="" RelatedActivityID=""></Correlation>
<Execution ProcessID="10464" ThreadID="12084"></Execution>
<Channel>Setup</Channel>
<Computer>DESKTOP-KUHNMLA</Computer>
<Security UserID="S-1-5-18"></Security>
</System>
<UserData><CbsPackageInitiateChanges xmlns="http://manifests.microsoft.com/win/2004/08/windows/setup_provider"><PackageIdentifier>KB5028318</PackageIdentifier>
<InitialPackageState>5000</InitialPackageState>
<InitialPackageStateTextized>Absent</InitialPackageStateTextized>
<IntendedPackageState>5112</IntendedPackageState>
<IntendedPackageStateTextized>Installed</IntendedPackageStateTextized>
<Client>UpdateAgentLCU</Client>
</CbsPackageInitiateChanges>
</UserData>
</Event>

<Event xmlns="http://schemas.microsoft.com/win/2004/08/events/event"><System><Provider Name="Microsoft-Windows-Servicing" Guid="{bd12f3b8-fc40-4a61-a307-b7a013a069c1}"></Provider>
<EventID Qualifiers="">2</EventID>
<Version>0</Version>
<Level>0</Level>
<Task>1</Task>
<Opcode>0</Opcode>
<Keywords>0x8000000000000000</Keywords>
<TimeCreated SystemTime="2023-08-04 19:45:40.188694"></TimeCreated>
<EventRecordID>332</EventRecordID>
<Correlation ActivityID="" RelatedActivityID=""></Correlation>
<Execution ProcessID="10464" ThreadID="12084"></Execution>
<Channel>Setup</Channel>
<Computer>DESKTOP-KUHNMLA</Computer>
<Security UserID="S-1-5-18"></Security>
</System>
<UserData><CbsPackageChangeState xmlns="http://manifests.microsoft.com/win/2004/08/windows/setup_provider"><PackageIdentifier>KB5028318</PackageIdentifier>
<IntendedPackageState>5112</IntendedPackageState>
<IntendedPackageStateTextized>Installed</IntendedPackageStateTextized>
<ErrorCode>0x0</ErrorCode>
<Client>UpdateAgentLCU</Client>
</CbsPackageChangeState>
</UserData>
</Event>

<Event xmlns="http://schemas.microsoft.com/win/2004/08/events/event"><System><Provider Name="Microsoft-Windows-Servicing" Guid="{bd12f3b8-fc40-4a61-a307-b7a013a069c1}"></Provider>
<EventID Qualifiers="">1</EventID>
<Version>0</Version>
<Level>0</Level>
<Task>1</Task>
<Opcode>0</Opcode>
<Keywords>0x8000000000000000</Keywords>
<TimeCreated SystemTime="2023-08-04 19:53:42.769295"></TimeCreated>
<EventRecordID>333</EventRecordID>
<Correlation ActivityID="" RelatedActivityID=""></Correlation>
<Execution ProcessID="7056" ThreadID="2520"></Execution>
<Channel>Setup</Channel>
<Computer>DESKTOP-KUHNMLA</Computer>
<Security UserID="S-1-5-18"></Security>
</System>
<UserData><CbsPackageInitiateChanges xmlns="http://manifests.microsoft.com/win/2004/08/windows/setup_provider"><PackageIdentifier>KB5015684</PackageIdentifier>
<InitialPackageState>5000</InitialPackageState>
<InitialPackageStateTextized>Absent</InitialPackageStateTextized>
<IntendedPackageState>5112</IntendedPackageState>
<IntendedPackageStateTextized>Installed</IntendedPackageStateTextized>
<Client>UpdateAgentLCU</Client>
</CbsPackageInitiateChanges>
</UserData>
</Event>

<Event xmlns="http://schemas.microsoft.com/win/2004/08/events/event"><System><Provider Name="Microsoft-Windows-Servicing" Guid="{bd12f3b8-fc40-4a61-a307-b7a013a069c1}"></Provider>
<EventID Qualifiers="">1</EventID>
<Version>0</Version>
<Level>0</Level>
<Task>1</Task>
<Opcode>0</Opcode>
<Keywords>0x8000000000000000</Keywords>
<TimeCreated SystemTime="2023-08-04 19:53:42.769299"></TimeCreated>
<EventRecordID>334</EventRecordID>
<Correlation ActivityID="" RelatedActivityID=""></Correlation>
<Execution ProcessID="7056" ThreadID="2520"></Execution>
<Channel>Setup</Channel>
<Computer>DESKTOP-KUHNMLA</Computer>
<Security UserID="S-1-5-18"></Security>
</System>
<UserData><CbsPackageInitiateChanges xmlns="http://manifests.microsoft.com/win/2004/08/windows/setup_provider"><PackageIdentifier>KB5028166</PackageIdentifier>
<InitialPackageState>5000</InitialPackageState>
<InitialPackageStateTextized>Absent</InitialPackageStateTextized>
<IntendedPackageState>5112</IntendedPackageState>
<IntendedPackageStateTextized>Installed</IntendedPackageStateTextized>
<Client>UpdateAgentLCU</Client>
</CbsPackageInitiateChanges>
</UserData>
</Event>

<Event xmlns="http://schemas.microsoft.com/win/2004/08/events/event"><System><Provider Name="Microsoft-Windows-Servicing" Guid="{bd12f3b8-fc40-4a61-a307-b7a013a069c1}"></Provider>
<EventID Qualifiers="">4</EventID>
<Version>0</Version>
<Level>0</Level>
<Task>1</Task>
<Opcode>0</Opcode>
<Keywords>0x8000000000000000</Keywords>
<TimeCreated SystemTime="2023-08-04 20:27:31.356901"></TimeCreated>
<EventRecordID>335</EventRecordID>
<Correlation ActivityID="" RelatedActivityID=""></Correlation>
<Execution ProcessID="7056" ThreadID="2520"></Execution>
<Channel>Setup</Channel>
<Computer>DESKTOP-KUHNMLA</Computer>
<Security UserID="S-1-5-18"></Security>
</System>
<UserData><CbsPackageChangeState xmlns="http://manifests.microsoft.com/win/2004/08/windows/setup_provider"><PackageIdentifier>KB5015684</PackageIdentifier>
<IntendedPackageState>5112</IntendedPackageState>
<IntendedPackageStateTextized>Installed</IntendedPackageStateTextized>
<ErrorCode>0x0</ErrorCode>
<Client>UpdateAgentLCU</Client>
</CbsPackageChangeState>
</UserData>
</Event>

<Event xmlns="http://schemas.microsoft.com/win/2004/08/events/event"><System><Provider Name="Microsoft-Windows-Servicing" Guid="{bd12f3b8-fc40-4a61-a307-b7a013a069c1}"></Provider>
<EventID Qualifiers="">4</EventID>
<Version>0</Version>
<Level>0</Level>
<Task>1</Task>
<Opcode>0</Opcode>
<Keywords>0x8000000000000000</Keywords>
<TimeCreated SystemTime="2023-08-04 20:27:31.356905"></TimeCreated>
<EventRecordID>336</EventRecordID>
<Correlation ActivityID="" RelatedActivityID=""></Correlation>
<Execution ProcessID="7056" ThreadID="2520"></Execution>
<Channel>Setup</Channel>
<Computer>DESKTOP-KUHNMLA</Computer>
<Security UserID="S-1-5-18"></Security>
</System>
<UserData><CbsPackageChangeState xmlns="http://manifests.microsoft.com/win/2004/08/windows/setup_provider"><PackageIdentifier>KB5028166</PackageIdentifier>
<IntendedPackageState>5112</IntendedPackageState>
<IntendedPackageStateTextized>Installed</IntendedPackageStateTextized>
<ErrorCode>0x0</ErrorCode>
<Client>UpdateAgentLCU</Client>
</CbsPackageChangeState>
</UserData>
</Event>

<Event xmlns="http://schemas.microsoft.com/win/2004/08/events/event"><System><Provider Name="Microsoft-Windows-Servicing" Guid="{bd12f3b8-fc40-4a61-a307-b7a013a069c1}"></Provider>
<EventID Qualifiers="">2</EventID>
<Version>0</Version>
<Level>0</Level>
<Task>1</Task>
<Opcode>0</Opcode>
<Keywords>0x8000000000000000</Keywords>
<TimeCreated SystemTime="2023-08-04 21:42:57.879562"></TimeCreated>
<EventRecordID>337</EventRecordID>
<Correlation ActivityID="" RelatedActivityID=""></Correlation>
<Execution ProcessID="2520" ThreadID="2560"></Execution>
<Channel>Setup</Channel>
<Computer>DESKTOP-KUHNMLA</Computer>
<Security UserID="S-1-5-18"></Security>
</System>
<UserData><CbsPackageChangeState xmlns="http://manifests.microsoft.com/win/2004/08/windows/setup_provider"><PackageIdentifier>KB5015684</PackageIdentifier>
<IntendedPackageState>5112</IntendedPackageState>
<IntendedPackageStateTextized>Installed</IntendedPackageStateTextized>
<ErrorCode>0x0</ErrorCode>
<Client>UpdateAgentLCU</Client>
</CbsPackageChangeState>
</UserData>
</Event>

<Event xmlns="http://schemas.microsoft.com/win/2004/08/events/event"><System><Provider Name="Microsoft-Windows-Servicing" Guid="{bd12f3b8-fc40-4a61-a307-b7a013a069c1}"></Provider>
<EventID Qualifiers="">2</EventID>
<Version>0</Version>
<Level>0</Level>
<Task>1</Task>
<Opcode>0</Opcode>
<Keywords>0x8000000000000000</Keywords>
<TimeCreated SystemTime="2023-08-04 21:42:57.879583"></TimeCreated>
<EventRecordID>338</EventRecordID>
<Correlation ActivityID="" RelatedActivityID=""></Correlation>
<Execution ProcessID="2520" ThreadID="2560"></Execution>
<Channel>Setup</Channel>
<Computer>DESKTOP-KUHNMLA</Computer>
<Security UserID="S-1-5-18"></Security>
</System>
<UserData><CbsPackageChangeState xmlns="http://manifests.microsoft.com/win/2004/08/windows/setup_provider"><PackageIdentifier>KB5028166</PackageIdentifier>
<IntendedPackageState>5112</IntendedPackageState>
<IntendedPackageStateTextized>Installed</IntendedPackageStateTextized>
<ErrorCode>0x0</ErrorCode>
<Client>UpdateAgentLCU</Client>
</CbsPackageChangeState>
</UserData>
</Event>

<Event xmlns="http://schemas.microsoft.com/win/2004/08/events/event"><System><Provider Name="Microsoft-Windows-Servicing" Guid="{bd12f3b8-fc40-4a61-a307-b7a013a069c1}"></Provider>
<EventID Qualifiers="">1</EventID>
<Version>0</Version>
<Level>0</Level>
<Task>1</Task>
<Opcode>0</Opcode>
<Keywords>0x8000000000000000</Keywords>
<TimeCreated SystemTime="2023-08-11 06:55:28.111288"></TimeCreated>
<EventRecordID>339</EventRecordID>
<Correlation ActivityID="" RelatedActivityID=""></Correlation>
<Execution ProcessID="544" ThreadID="5436"></Execution>
<Channel>Setup</Channel>
<Computer>DESKTOP-KUHNMLA</Computer>
<Security UserID="S-1-5-18"></Security>
</System>
<UserData><CbsPackageInitiateChanges xmlns="http://manifests.microsoft.com/win/2004/08/windows/setup_provider"><PackageIdentifier>KB5028951</PackageIdentifier>
<InitialPackageState>5000</InitialPackageState>
<InitialPackageStateTextized>Absent</InitialPackageStateTextized>
<IntendedPackageState>5112</IntendedPackageState>
<IntendedPackageStateTextized>Installed</IntendedPackageStateTextized>
<Client>WindowsUpdateAgent</Client>
</CbsPackageInitiateChanges>
</UserData>
</Event>

<Event xmlns="http://schemas.microsoft.com/win/2004/08/events/event"><System><Provider Name="Microsoft-Windows-Servicing" Guid="{bd12f3b8-fc40-4a61-a307-b7a013a069c1}"></Provider>
<EventID Qualifiers="">2</EventID>
<Version>0</Version>
<Level>0</Level>
<Task>1</Task>
<Opcode>0</Opcode>
<Keywords>0x8000000000000000</Keywords>
<TimeCreated SystemTime="2023-08-11 06:58:09.089710"></TimeCreated>
<EventRecordID>340</EventRecordID>
<Correlation ActivityID="" RelatedActivityID=""></Correlation>
<Execution ProcessID="544" ThreadID="5436"></Execution>
<Channel>Setup</Channel>
<Computer>DESKTOP-KUHNMLA</Computer>
<Security UserID="S-1-5-18"></Security>
</System>
<UserData><CbsPackageChangeState xmlns="http://manifests.microsoft.com/win/2004/08/windows/setup_provider"><PackageIdentifier>KB5028951</PackageIdentifier>
<IntendedPackageState>5112</IntendedPackageState>
<IntendedPackageStateTextized>Installed</IntendedPackageStateTextized>
<ErrorCode>0x0</ErrorCode>
<Client>WindowsUpdateAgent</Client>
</CbsPackageChangeState>
</UserData>
</Event>

<Event xmlns="http://schemas.microsoft.com/win/2004/08/events/event"><System><Provider Name="Microsoft-Windows-Servicing" Guid="{bd12f3b8-fc40-4a61-a307-b7a013a069c1}"></Provider>
<EventID Qualifiers="">1</EventID>
<Version>0</Version>
<Level>0</Level>
<Task>1</Task>
<Opcode>0</Opcode>
<Keywords>0x8000000000000000</Keywords>
<TimeCreated SystemTime="2023-08-11 06:58:41.462767"></TimeCreated>
<EventRecordID>341</EventRecordID>
<Correlation ActivityID="" RelatedActivityID=""></Correlation>
<Execution ProcessID="544" ThreadID="10220"></Execution>
<Channel>Setup</Channel>
<Computer>DESKTOP-KUHNMLA</Computer>
<Security UserID="S-1-5-18"></Security>
</System>
<UserData><CbsPackageInitiateChanges xmlns="http://manifests.microsoft.com/win/2004/08/windows/setup_provider"><PackageIdentifier>KB5028380</PackageIdentifier>
<InitialPackageState>5000</InitialPackageState>
<InitialPackageStateTextized>Absent</InitialPackageStateTextized>
<IntendedPackageState>5112</IntendedPackageState>
<IntendedPackageStateTextized>Installed</IntendedPackageStateTextized>
<Client>UpdateAgentLCU</Client>
</CbsPackageInitiateChanges>
</UserData>
</Event>

<Event xmlns="http://schemas.microsoft.com/win/2004/08/events/event"><System><Provider Name="Microsoft-Windows-Servicing" Guid="{bd12f3b8-fc40-4a61-a307-b7a013a069c1}"></Provider>
<EventID Qualifiers="">2</EventID>
<Version>0</Version>
<Level>0</Level>
<Task>1</Task>
<Opcode>0</Opcode>
<Keywords>0x8000000000000000</Keywords>
<TimeCreated SystemTime="2023-08-11 06:59:22.188564"></TimeCreated>
<EventRecordID>342</EventRecordID>
<Correlation ActivityID="" RelatedActivityID=""></Correlation>
<Execution ProcessID="544" ThreadID="10220"></Execution>
<Channel>Setup</Channel>
<Computer>DESKTOP-KUHNMLA</Computer>
<Security UserID="S-1-5-18"></Security>
</System>
<UserData><CbsPackageChangeState xmlns="http://manifests.microsoft.com/win/2004/08/windows/setup_provider"><PackageIdentifier>KB5028380</PackageIdentifier>
<IntendedPackageState>5112</IntendedPackageState>
<IntendedPackageStateTextized>Installed</IntendedPackageStateTextized>
<ErrorCode>0x0</ErrorCode>
<Client>UpdateAgentLCU</Client>
</CbsPackageChangeState>
</UserData>
</Event>

<Event xmlns="http://schemas.microsoft.com/win/2004/08/events/event"><System><Provider Name="Microsoft-Windows-Servicing" Guid="{bd12f3b8-fc40-4a61-a307-b7a013a069c1}"></Provider>
<EventID Qualifiers="">1</EventID>
<Version>0</Version>
<Level>0</Level>
<Task>1</Task>
<Opcode>0</Opcode>
<Keywords>0x8000000000000000</Keywords>
<TimeCreated SystemTime="2023-08-11 07:17:12.542122"></TimeCreated>
<EventRecordID>343</EventRecordID>
<Correlation ActivityID="" RelatedActivityID=""></Correlation>
<Execution ProcessID="1192" ThreadID="11120"></Execution>
<Channel>Setup</Channel>
<Computer>DESKTOP-KUHNMLA</Computer>
<Security UserID="S-1-5-18"></Security>
</System>
<UserData><CbsPackageInitiateChanges xmlns="http://manifests.microsoft.com/win/2004/08/windows/setup_provider"><PackageIdentifier>KB5029244</PackageIdentifier>
<InitialPackageState>5000</InitialPackageState>
<InitialPackageStateTextized>Absent</InitialPackageStateTextized>
<IntendedPackageState>5112</IntendedPackageState>
<IntendedPackageStateTextized>Installed</IntendedPackageStateTextized>
<Client>UpdateAgentLCU</Client>
</CbsPackageInitiateChanges>
</UserData>
</Event>

<Event xmlns="http://schemas.microsoft.com/win/2004/08/events/event"><System><Provider Name="Microsoft-Windows-Servicing" Guid="{bd12f3b8-fc40-4a61-a307-b7a013a069c1}"></Provider>
<EventID Qualifiers="">4</EventID>
<Version>0</Version>
<Level>0</Level>
<Task>1</Task>
<Opcode>0</Opcode>
<Keywords>0x8000000000000000</Keywords>
<TimeCreated SystemTime="2023-08-11 07:48:59.137445"></TimeCreated>
<EventRecordID>344</EventRecordID>
<Correlation ActivityID="" RelatedActivityID=""></Correlation>
<Execution ProcessID="1192" ThreadID="11120"></Execution>
<Channel>Setup</Channel>
<Computer>DESKTOP-KUHNMLA</Computer>
<Security UserID="S-1-5-18"></Security>
</System>
<UserData><CbsPackageChangeState xmlns="http://manifests.microsoft.com/win/2004/08/windows/setup_provider"><PackageIdentifier>KB5029244</PackageIdentifier>
<IntendedPackageState>5112</IntendedPackageState>
<IntendedPackageStateTextized>Installed</IntendedPackageStateTextized>
<ErrorCode>0x0</ErrorCode>
<Client>UpdateAgentLCU</Client>
</CbsPackageChangeState>
</UserData>
</Event>

<Event xmlns="http://schemas.microsoft.com/win/2004/08/events/event"><System><Provider Name="Microsoft-Windows-Servicing" Guid="{bd12f3b8-fc40-4a61-a307-b7a013a069c1}"></Provider>
<EventID Qualifiers="">2</EventID>
<Version>0</Version>
<Level>0</Level>
<Task>1</Task>
<Opcode>0</Opcode>
<Keywords>0x8000000000000000</Keywords>
<TimeCreated SystemTime="2023-08-11 08:06:54.330536"></TimeCreated>
<EventRecordID>345</EventRecordID>
<Correlation ActivityID="" RelatedActivityID=""></Correlation>
<Execution ProcessID="2740" ThreadID="2808"></Execution>
<Channel>Setup</Channel>
<Computer>DESKTOP-KUHNMLA</Computer>
<Security UserID="S-1-5-18"></Security>
</System>
<UserData><CbsPackageChangeState xmlns="http://manifests.microsoft.com/win/2004/08/windows/setup_provider"><PackageIdentifier>KB5029244</PackageIdentifier>
<IntendedPackageState>5112</IntendedPackageState>
<IntendedPackageStateTextized>Installed</IntendedPackageStateTextized>
<ErrorCode>0x0</ErrorCode>
<Client>UpdateAgentLCU</Client>
</CbsPackageChangeState>
</UserData>
</Event>

<Event xmlns="http://schemas.microsoft.com/win/2004/08/events/event"><System><Provider Name="Microsoft-Windows-Servicing" Guid="{bd12f3b8-fc40-4a61-a307-b7a013a069c1}"></Provider>
<EventID Qualifiers="">1</EventID>
<Version>0</Version>
<Level>0</Level>
<Task>1</Task>
<Opcode>0</Opcode>
<Keywords>0x8000000000000000</Keywords>
<TimeCreated SystemTime="2023-08-11 23:47:10.781687"></TimeCreated>
<EventRecordID>346</EventRecordID>
<Correlation ActivityID="" RelatedActivityID=""></Correlation>
<Execution ProcessID="11932" ThreadID="11772"></Execution>
<Channel>Setup</Channel>
<Computer>DESKTOP-KUHNMLA</Computer>
<Security UserID="S-1-5-18"></Security>
</System>
<UserData><CbsPackageInitiateChanges xmlns="http://manifests.microsoft.com/win/2004/08/windows/setup_provider"><PackageIdentifier>KB5011048</PackageIdentifier>
<InitialPackageState>5000</InitialPackageState>
<InitialPackageStateTextized>Absent</InitialPackageStateTextized>
<IntendedPackageState>5112</IntendedPackageState>
<IntendedPackageStateTextized>Installed</IntendedPackageStateTextized>
<Client>WindowsUpdateAgent</Client>
</CbsPackageInitiateChanges>
</UserData>
</Event>

<Event xmlns="http://schemas.microsoft.com/win/2004/08/events/event"><System><Provider Name="Microsoft-Windows-Servicing" Guid="{bd12f3b8-fc40-4a61-a307-b7a013a069c1}"></Provider>
<EventID Qualifiers="">2</EventID>
<Version>0</Version>
<Level>0</Level>
<Task>1</Task>
<Opcode>0</Opcode>
<Keywords>0x8000000000000000</Keywords>
<TimeCreated SystemTime="2023-08-11 23:52:11.437819"></TimeCreated>
<EventRecordID>347</EventRecordID>
<Correlation ActivityID="" RelatedActivityID=""></Correlation>
<Execution ProcessID="11932" ThreadID="11772"></Execution>
<Channel>Setup</Channel>
<Computer>DESKTOP-KUHNMLA</Computer>
<Security UserID="S-1-5-18"></Security>
</System>
<UserData><CbsPackageChangeState xmlns="http://manifests.microsoft.com/win/2004/08/windows/setup_provider"><PackageIdentifier>KB5011048</PackageIdentifier>
<IntendedPackageState>5112</IntendedPackageState>
<IntendedPackageStateTextized>Installed</IntendedPackageStateTextized>
<ErrorCode>0x0</ErrorCode>
<Client>WindowsUpdateAgent</Client>
</CbsPackageChangeState>
</UserData>
</Event>

<Event xmlns="http://schemas.microsoft.com/win/2004/08/events/event"><System><Provider Name="Microsoft-Windows-Servicing" Guid="{bd12f3b8-fc40-4a61-a307-b7a013a069c1}"></Provider>
<EventID Qualifiers="">1</EventID>
<Version>0</Version>
<Level>0</Level>
<Task>1</Task>
<Opcode>0</Opcode>
<Keywords>0x8000000000000000</Keywords>
<TimeCreated SystemTime="2023-08-12 05:02:17.281715"></TimeCreated>
<EventRecordID>348</EventRecordID>
<Correlation ActivityID="" RelatedActivityID=""></Correlation>
<Execution ProcessID="6660" ThreadID="5360"></Execution>
<Channel>Setup</Channel>
<Computer>DESKTOP-KUHNMLA</Computer>
<Security UserID="S-1-5-18"></Security>
</System>
<UserData><CbsPackageInitiateChanges xmlns="http://manifests.microsoft.com/win/2004/08/windows/setup_provider"><PackageIdentifier>KB5028946</PackageIdentifier>
<InitialPackageState>5000</InitialPackageState>
<InitialPackageStateTextized>Absent</InitialPackageStateTextized>
<IntendedPackageState>5112</IntendedPackageState>
<IntendedPackageStateTextized>Installed</IntendedPackageStateTextized>
<Client>WindowsUpdateAgent</Client>
</CbsPackageInitiateChanges>
</UserData>
</Event>

<Event xmlns="http://schemas.microsoft.com/win/2004/08/events/event"><System><Provider Name="Microsoft-Windows-Servicing" Guid="{bd12f3b8-fc40-4a61-a307-b7a013a069c1}"></Provider>
<EventID Qualifiers="">2</EventID>
<Version>0</Version>
<Level>0</Level>
<Task>1</Task>
<Opcode>0</Opcode>
<Keywords>0x8000000000000000</Keywords>
<TimeCreated SystemTime="2023-08-12 05:03:04.696133"></TimeCreated>
<EventRecordID>349</EventRecordID>
<Correlation ActivityID="" RelatedActivityID=""></Correlation>
<Execution ProcessID="6660" ThreadID="5360"></Execution>
<Channel>Setup</Channel>
<Computer>DESKTOP-KUHNMLA</Computer>
<Security UserID="S-1-5-18"></Security>
</System>
<UserData><CbsPackageChangeState xmlns="http://manifests.microsoft.com/win/2004/08/windows/setup_provider"><PackageIdentifier>KB5028946</PackageIdentifier>
<IntendedPackageState>5112</IntendedPackageState>
<IntendedPackageStateTextized>Installed</IntendedPackageStateTextized>
<ErrorCode>0x0</ErrorCode>
<Client>WindowsUpdateAgent</Client>
</CbsPackageChangeState>
</UserData>
</Event>

<Event xmlns="http://schemas.microsoft.com/win/2004/08/events/event"><System><Provider Name="Microsoft-Windows-Servicing" Guid="{bd12f3b8-fc40-4a61-a307-b7a013a069c1}"></Provider>
<EventID Qualifiers="">1</EventID>
<Version>0</Version>
<Level>0</Level>
<Task>1</Task>
<Opcode>0</Opcode>
<Keywords>0x8000000000000000</Keywords>
<TimeCreated SystemTime="2023-08-30 18:09:55.557079"></TimeCreated>
<EventRecordID>350</EventRecordID>
<Correlation ActivityID="" RelatedActivityID=""></Correlation>
<Execution ProcessID="9636" ThreadID="8368"></Execution>
<Channel>Setup</Channel>
<Computer>DESKTOP-KUHNMLA</Computer>
<Security UserID="S-1-5-18"></Security>
</System>
<UserData><CbsPackageInitiateChanges xmlns="http://manifests.microsoft.com/win/2004/08/windows/setup_provider"><PackageIdentifier>KB5029716</PackageIdentifier>
<InitialPackageState>5000</InitialPackageState>
<InitialPackageStateTextized>Absent</InitialPackageStateTextized>
<IntendedPackageState>5112</IntendedPackageState>
<IntendedPackageStateTextized>Installed</IntendedPackageStateTextized>
<Client>WindowsUpdateAgent</Client>
</CbsPackageInitiateChanges>
</UserData>
</Event>

<Event xmlns="http://schemas.microsoft.com/win/2004/08/events/event"><System><Provider Name="Microsoft-Windows-Servicing" Guid="{bd12f3b8-fc40-4a61-a307-b7a013a069c1}"></Provider>
<EventID Qualifiers="">2</EventID>
<Version>0</Version>
<Level>0</Level>
<Task>1</Task>
<Opcode>0</Opcode>
<Keywords>0x8000000000000000</Keywords>
<TimeCreated SystemTime="2023-08-30 18:11:28.126734"></TimeCreated>
<EventRecordID>351</EventRecordID>
<Correlation ActivityID="" RelatedActivityID=""></Correlation>
<Execution ProcessID="9636" ThreadID="8368"></Execution>
<Channel>Setup</Channel>
<Computer>DESKTOP-KUHNMLA</Computer>
<Security UserID="S-1-5-18"></Security>
</System>
<UserData><CbsPackageChangeState xmlns="http://manifests.microsoft.com/win/2004/08/windows/setup_provider"><PackageIdentifier>KB5029716</PackageIdentifier>
<IntendedPackageState>5112</IntendedPackageState>
<IntendedPackageStateTextized>Installed</IntendedPackageStateTextized>
<ErrorCode>0x0</ErrorCode>
<Client>WindowsUpdateAgent</Client>
</CbsPackageChangeState>
</UserData>
</Event>

<Event xmlns="http://schemas.microsoft.com/win/2004/08/events/event"><System><Provider Name="Microsoft-Windows-Servicing" Guid="{bd12f3b8-fc40-4a61-a307-b7a013a069c1}"></Provider>
<EventID Qualifiers="">1</EventID>
<Version>0</Version>
<Level>0</Level>
<Task>1</Task>
<Opcode>0</Opcode>
<Keywords>0x8000000000000000</Keywords>
<TimeCreated SystemTime="2023-09-06 00:17:51.717760"></TimeCreated>
<EventRecordID>352</EventRecordID>
<Correlation ActivityID="" RelatedActivityID=""></Correlation>
<Execution ProcessID="7632" ThreadID="4700"></Execution>
<Channel>Setup</Channel>
<Computer>DESKTOP-KUHNMLA</Computer>
<Security UserID="S-1-5-18"></Security>
</System>
<UserData><CbsPackageInitiateChanges xmlns="http://manifests.microsoft.com/win/2004/08/windows/setup_provider"><PackageIdentifier>KB5027215</PackageIdentifier>
<InitialPackageState>5080</InitialPackageState>
<InitialPackageStateTextized>Superseded</InitialPackageStateTextized>
<IntendedPackageState>5000</IntendedPackageState>
<IntendedPackageStateTextized>Absent</IntendedPackageStateTextized>
<Client>CbsTask</Client>
</CbsPackageInitiateChanges>
</UserData>
</Event>

<Event xmlns="http://schemas.microsoft.com/win/2004/08/events/event"><System><Provider Name="Microsoft-Windows-Servicing" Guid="{bd12f3b8-fc40-4a61-a307-b7a013a069c1}"></Provider>
<EventID Qualifiers="">1</EventID>
<Version>0</Version>
<Level>0</Level>
<Task>1</Task>
<Opcode>0</Opcode>
<Keywords>0x8000000000000000</Keywords>
<TimeCreated SystemTime="2023-09-06 00:20:54.328796"></TimeCreated>
<EventRecordID>353</EventRecordID>
<Correlation ActivityID="" RelatedActivityID=""></Correlation>
<Execution ProcessID="7632" ThreadID="4700"></Execution>
<Channel>Setup</Channel>
<Computer>DESKTOP-KUHNMLA</Computer>
<Security UserID="S-1-5-18"></Security>
</System>
<UserData><CbsPackageInitiateChanges xmlns="http://manifests.microsoft.com/win/2004/08/windows/setup_provider"><PackageIdentifier>KB777778</PackageIdentifier>
<InitialPackageState>5080</InitialPackageState>
<InitialPackageStateTextized>Superseded</InitialPackageStateTextized>
<IntendedPackageState>5000</IntendedPackageState>
<IntendedPackageStateTextized>Absent</IntendedPackageStateTextized>
<Client>CbsTask</Client>
</CbsPackageInitiateChanges>
</UserData>
</Event>

<Event xmlns="http://schemas.microsoft.com/win/2004/08/events/event"><System><Provider Name="Microsoft-Windows-Servicing" Guid="{bd12f3b8-fc40-4a61-a307-b7a013a069c1}"></Provider>
<EventID Qualifiers="">1</EventID>
<Version>0</Version>
<Level>0</Level>
<Task>1</Task>
<Opcode>0</Opcode>
<Keywords>0x8000000000000000</Keywords>
<TimeCreated SystemTime="2023-09-07 21:44:37.209013"></TimeCreated>
<EventRecordID>354</EventRecordID>
<Correlation ActivityID="" RelatedActivityID=""></Correlation>
<Execution ProcessID="8872" ThreadID="9260"></Execution>
<Channel>Setup</Channel>
<Computer>DESKTOP-KUHNMLA</Computer>
<Security UserID="S-1-5-18"></Security>
</System>
<UserData><CbsPackageInitiateChanges xmlns="http://manifests.microsoft.com/win/2004/08/windows/setup_provider"><PackageIdentifier>KB5029709</PackageIdentifier>
<InitialPackageState>5000</InitialPackageState>
<InitialPackageStateTextized>Absent</InitialPackageStateTextized>
<IntendedPackageState>5112</IntendedPackageState>
<IntendedPackageStateTextized>Installed</IntendedPackageStateTextized>
<Client>UpdateAgentLCU</Client>
</CbsPackageInitiateChanges>
</UserData>
</Event>

<Event xmlns="http://schemas.microsoft.com/win/2004/08/events/event"><System><Provider Name="Microsoft-Windows-Servicing" Guid="{bd12f3b8-fc40-4a61-a307-b7a013a069c1}"></Provider>
<EventID Qualifiers="">2</EventID>
<Version>0</Version>
<Level>0</Level>
<Task>1</Task>
<Opcode>0</Opcode>
<Keywords>0x8000000000000000</Keywords>
<TimeCreated SystemTime="2023-09-07 21:47:54.111141"></TimeCreated>
<EventRecordID>355</EventRecordID>
<Correlation ActivityID="" RelatedActivityID=""></Correlation>
<Execution ProcessID="8872" ThreadID="9260"></Execution>
<Channel>Setup</Channel>
<Computer>DESKTOP-KUHNMLA</Computer>
<Security UserID="S-1-5-18"></Security>
</System>
<UserData><CbsPackageChangeState xmlns="http://manifests.microsoft.com/win/2004/08/windows/setup_provider"><PackageIdentifier>KB5029709</PackageIdentifier>
<IntendedPackageState>5112</IntendedPackageState>
<IntendedPackageStateTextized>Installed</IntendedPackageStateTextized>
<ErrorCode>0x0</ErrorCode>
<Client>UpdateAgentLCU</Client>
</CbsPackageChangeState>
</UserData>
</Event>

<Event xmlns="http://schemas.microsoft.com/win/2004/08/events/event"><System><Provider Name="Microsoft-Windows-Servicing" Guid="{bd12f3b8-fc40-4a61-a307-b7a013a069c1}"></Provider>
<EventID Qualifiers="">1</EventID>
<Version>0</Version>
<Level>0</Level>
<Task>1</Task>
<Opcode>0</Opcode>
<Keywords>0x8000000000000000</Keywords>
<TimeCreated SystemTime="2023-09-07 22:09:24.986235"></TimeCreated>
<EventRecordID>356</EventRecordID>
<Correlation ActivityID="" RelatedActivityID=""></Correlation>
<Execution ProcessID="7180" ThreadID="1688"></Execution>
<Channel>Setup</Channel>
<Computer>DESKTOP-KUHNMLA</Computer>
<Security UserID="S-1-5-18"></Security>
</System>
<UserData><CbsPackageInitiateChanges xmlns="http://manifests.microsoft.com/win/2004/08/windows/setup_provider"><PackageIdentifier>KB5029331</PackageIdentifier>
<InitialPackageState>5000</InitialPackageState>
<InitialPackageStateTextized>Absent</InitialPackageStateTextized>
<IntendedPackageState>5112</IntendedPackageState>
<IntendedPackageStateTextized>Installed</IntendedPackageStateTextized>
<Client>UpdateAgentLCU</Client>
</CbsPackageInitiateChanges>
</UserData>
</Event>

<Event xmlns="http://schemas.microsoft.com/win/2004/08/events/event"><System><Provider Name="Microsoft-Windows-Servicing" Guid="{bd12f3b8-fc40-4a61-a307-b7a013a069c1}"></Provider>
<EventID Qualifiers="">4</EventID>
<Version>0</Version>
<Level>0</Level>
<Task>1</Task>
<Opcode>0</Opcode>
<Keywords>0x8000000000000000</Keywords>
<TimeCreated SystemTime="2023-09-07 22:46:54.040155"></TimeCreated>
<EventRecordID>357</EventRecordID>
<Correlation ActivityID="" RelatedActivityID=""></Correlation>
<Execution ProcessID="7180" ThreadID="1688"></Execution>
<Channel>Setup</Channel>
<Computer>DESKTOP-KUHNMLA</Computer>
<Security UserID="S-1-5-18"></Security>
</System>
<UserData><CbsPackageChangeState xmlns="http://manifests.microsoft.com/win/2004/08/windows/setup_provider"><PackageIdentifier>KB5029331</PackageIdentifier>
<IntendedPackageState>5112</IntendedPackageState>
<IntendedPackageStateTextized>Installed</IntendedPackageStateTextized>
<ErrorCode>0x0</ErrorCode>
<Client>UpdateAgentLCU</Client>
</CbsPackageChangeState>
</UserData>
</Event>

<Event xmlns="http://schemas.microsoft.com/win/2004/08/events/event"><System><Provider Name="Microsoft-Windows-Servicing" Guid="{bd12f3b8-fc40-4a61-a307-b7a013a069c1}"></Provider>
<EventID Qualifiers="">2</EventID>
<Version>0</Version>
<Level>0</Level>
<Task>1</Task>
<Opcode>0</Opcode>
<Keywords>0x8000000000000000</Keywords>
<TimeCreated SystemTime="2023-09-08 03:59:58.389509"></TimeCreated>
<EventRecordID>358</EventRecordID>
<Correlation ActivityID="{60f008b4-e208-0000-540a-f06008e2d901}" RelatedActivityID=""></Correlation>
<Execution ProcessID="2720" ThreadID="2776"></Execution>
<Channel>Setup</Channel>
<Computer>DESKTOP-KUHNMLA</Computer>
<Security UserID="S-1-5-18"></Security>
</System>
<UserData><CbsPackageChangeState xmlns="http://manifests.microsoft.com/win/2004/08/windows/setup_provider"><PackageIdentifier>KB5029331</PackageIdentifier>
<IntendedPackageState>5112</IntendedPackageState>
<IntendedPackageStateTextized>Installed</IntendedPackageStateTextized>
<ErrorCode>0x0</ErrorCode>
<Client>UpdateAgentLCU</Client>
</CbsPackageChangeState>
</UserData>
</Event>

<Event xmlns="http://schemas.microsoft.com/win/2004/08/events/event"><System><Provider Name="Microsoft-Windows-Servicing" Guid="{bd12f3b8-fc40-4a61-a307-b7a013a069c1}"></Provider>
<EventID Qualifiers="">1</EventID>
<Version>0</Version>
<Level>0</Level>
<Task>1</Task>
<Opcode>0</Opcode>
<Keywords>0x8000000000000000</Keywords>
<TimeCreated SystemTime="2023-09-13 00:13:43.366364"></TimeCreated>
<EventRecordID>359</EventRecordID>
<Correlation ActivityID="" RelatedActivityID=""></Correlation>
<Execution ProcessID="5132" ThreadID="7256"></Execution>
<Channel>Setup</Channel>
<Computer>DESKTOP-KUHNMLA</Computer>
<Security UserID="S-1-5-18"></Security>
</System>
<UserData><CbsPackageInitiateChanges xmlns="http://manifests.microsoft.com/win/2004/08/windows/setup_provider"><PackageIdentifier>KB5028166</PackageIdentifier>
<InitialPackageState>5080</InitialPackageState>
<InitialPackageStateTextized>Superseded</InitialPackageStateTextized>
<IntendedPackageState>5000</IntendedPackageState>
<IntendedPackageStateTextized>Absent</IntendedPackageStateTextized>
<Client>CbsTask</Client>
</CbsPackageInitiateChanges>
</UserData>
</Event>

